<?xml version="1.0" encoding="utf-8"?>
<CoverageSession xmlns:xsd="http://www.w3.org/2001/XMLSchema" xmlns:xsi="http://www.w3.org/2001/XMLSchema-instance">
  <Summary numSequencePoints="104" visitedSequencePoints="66" numBranchPoints="81" visitedBranchPoints="41" sequenceCoverage="63.46" branchCoverage="50.62" maxCyclomaticComplexity="62" minCyclomaticComplexity="1" visitedClasses="14" numClasses="20" visitedMethods="20" numMethods="33" />
  <Modules>
    <Module skippedDueTo="Filter" hash="82-C7-2A-15-1C-06-13-79-FF-83-19-64-B8-AE-79-5A-DB-37-59-23">
      <ModulePath>C:\Windows\Microsoft.Net\assembly\GAC_64\mscorlib\v4.0_4.0.0.0__b77a5c561934e089\mscorlib.dll</ModulePath>
      <ModuleTime>2018-08-01T00:20:56.7807035Z</ModuleTime>
      <ModuleName>mscorlib</ModuleName>
      <Classes />
    </Module>
    <Module skippedDueTo="Filter" hash="A2-0A-DB-79-84-77-F3-5C-21-CE-73-6B-65-85-F3-BB-2B-F5-8A-72">
      <ModulePath>C:\Program Files\IIS Express\iisexpresstray.dll</ModulePath>
      <ModuleTime>2018-03-28T09:53:02Z</ModuleTime>
      <ModuleName>iisexpresstray</ModuleName>
      <Classes />
    </Module>
    <Module skippedDueTo="Filter" hash="29-1F-65-B2-3D-48-08-CB-D0-87-C1-E1-6E-12-72-AA-6C-26-27-64">
      <ModulePath>C:\Windows\Microsoft.Net\assembly\GAC_MSIL\System.Windows.Forms\v4.0_4.0.0.0__b77a5c561934e089\System.Windows.Forms.dll</ModulePath>
      <ModuleTime>2018-04-11T23:35:17.0134Z</ModuleTime>
      <ModuleName>System.Windows.Forms</ModuleName>
      <Classes />
    </Module>
    <Module skippedDueTo="Filter" hash="08-DE-EA-E1-0B-80-32-F5-3F-FB-C0-A6-E1-61-D8-B3-5E-75-1A-C4">
      <ModulePath>C:\Windows\Microsoft.Net\assembly\GAC_MSIL\System\v4.0_4.0.0.0__b77a5c561934e089\System.dll</ModulePath>
      <ModuleTime>2018-07-25T03:18:11.8724221Z</ModuleTime>
      <ModuleName>System</ModuleName>
      <Classes />
    </Module>
    <Module skippedDueTo="Filter" hash="DF-CE-03-40-30-72-47-52-91-A6-1E-79-30-B0-A2-A1-10-D4-73-8A">
      <ModulePath>C:\Windows\Microsoft.Net\assembly\GAC_MSIL\System.Drawing\v4.0_4.0.0.0__b03f5f7f11d50a3a\System.Drawing.dll</ModulePath>
      <ModuleTime>2018-04-11T23:35:20.9511942Z</ModuleTime>
      <ModuleName>System.Drawing</ModuleName>
      <Classes />
    </Module>
    <Module skippedDueTo="Filter" hash="2A-F4-1C-14-5D-7A-74-B3-03-8B-1D-2A-59-DC-B6-BE-1D-C8-EF-54">
      <ModulePath>C:\Windows\Microsoft.Net\assembly\GAC_MSIL\System.Configuration\v4.0_4.0.0.0__b03f5f7f11d50a3a\System.Configuration.dll</ModulePath>
      <ModuleTime>2018-04-11T23:35:16.9508953Z</ModuleTime>
      <ModuleName>System.Configuration</ModuleName>
      <Classes />
    </Module>
    <Module skippedDueTo="Filter" hash="F2-26-5B-FA-55-E9-5B-BC-DD-3A-32-56-2C-38-71-11-1A-8E-6D-32">
      <ModulePath>C:\Windows\Microsoft.Net\assembly\GAC_MSIL\System.Xml\v4.0_4.0.0.0__b77a5c561934e089\System.Xml.dll</ModulePath>
      <ModuleTime>2018-04-11T23:35:17.0290261Z</ModuleTime>
      <ModuleName>System.Xml</ModuleName>
      <Classes />
    </Module>
    <Module skippedDueTo="Filter" hash="EA-12-AB-BF-88-2E-BF-72-33-2D-AC-D0-B3-87-D5-14-A5-53-8C-C0">
      <ModulePath>C:\Windows\Microsoft.Net\assembly\GAC_MSIL\Accessibility\v4.0_4.0.0.0__b03f5f7f11d50a3a\Accessibility.dll</ModulePath>
      <ModuleTime>2018-04-11T23:35:18.3103724Z</ModuleTime>
      <ModuleName>Accessibility</ModuleName>
      <Classes />
    </Module>
    <Module skippedDueTo="Filter" hash="52-8B-3C-AE-25-1A-8F-DE-05-3D-75-EA-FD-5F-D9-E3-55-B6-BF-A0">
      <ModulePath>C:\Program Files\IIS Express\Microsoft.VisualStudio.Telemetry.Net35.dll</ModulePath>
      <ModuleTime>2018-01-22T11:17:14Z</ModuleTime>
      <ModuleName>Microsoft.VisualStudio.Telemetry.Net35</ModuleName>
      <Classes />
    </Module>
    <Module skippedDueTo="Filter" hash="1D-E0-1A-24-0D-E9-87-8C-24-48-0A-13-F0-99-8A-8E-3A-9C-BB-2A">
      <ModulePath>C:\Program Files\IIS Express\Microsoft.VisualStudio.Utilities.Internal.Net35.dll</ModulePath>
      <ModuleTime>2017-07-19T05:10:26Z</ModuleTime>
      <ModuleName>Microsoft.VisualStudio.Utilities.Internal.Net35</ModuleName>
      <Classes />
    </Module>
    <Module skippedDueTo="Filter" hash="8A-A3-7C-51-36-22-C7-D2-9D-0E-92-82-67-4D-3C-F3-60-CF-41-6A">
      <ModulePath>C:\Windows\Microsoft.Net\assembly\GAC_MSIL\System.Core\v4.0_4.0.0.0__b77a5c561934e089\System.Core.dll</ModulePath>
      <ModuleTime>2018-07-11T01:24:40.3313641Z</ModuleTime>
      <ModuleName>System.Core</ModuleName>
      <Classes />
    </Module>
    <Module skippedDueTo="Filter" hash="DD-06-47-D2-50-53-9F-1E-C5-80-73-7D-E1-02-E2-51-55-58-F4-22">
      <ModulePath>C:\Program Files\IIS Express\System.Threading.dll</ModulePath>
      <ModuleTime>2017-07-19T05:10:28Z</ModuleTime>
      <ModuleName>System.Threading</ModuleName>
      <Classes />
    </Module>
    <Module skippedDueTo="Filter" hash="DE-A3-AC-33-9B-81-47-31-F3-99-AA-76-BD-96-6C-95-F3-C3-80-CF">
      <ModulePath>C:\Program Files\IIS Express\Microsoft.VisualStudio.RemoteControl.Net35.dll</ModulePath>
      <ModuleTime>2017-07-19T05:10:26Z</ModuleTime>
      <ModuleName>Microsoft.VisualStudio.RemoteControl.Net35</ModuleName>
      <Classes />
    </Module>
    <Module skippedDueTo="Filter" hash="1F-75-AA-50-5E-1C-E6-FC-0A-EF-0E-2C-40-4C-0C-95-EC-1B-09-63">
      <ModulePath>C:\Windows\Microsoft.Net\assembly\GAC_MSIL\WindowsBase\v4.0_4.0.0.0__31bf3856ad364e35\WindowsBase.dll</ModulePath>
      <ModuleTime>2018-07-11T01:24:40.5657563Z</ModuleTime>
      <ModuleName>WindowsBase</ModuleName>
      <Classes />
    </Module>
    <Module skippedDueTo="Filter" hash="B6-69-03-67-F7-90-EF-BB-1F-9F-B9-56-49-78-5C-E9-A3-96-C3-26">
      <ModulePath>C:\Windows\assembly\GAC_MSIL\Microsoft.Web\7.1.0.0__31bf3856ad364e35\Microsoft.Web.dll</ModulePath>
      <ModuleTime>2018-09-14T14:39:57.212116Z</ModuleTime>
      <ModuleName>Microsoft.Web</ModuleName>
      <Classes />
    </Module>
    <Module skippedDueTo="Filter" hash="57-44-96-66-29-4F-64-8E-B3-89-12-0D-36-27-88-43-F9-92-24-E9">
      <ModulePath>C:\Windows\Microsoft.Net\assembly\GAC_MSIL\System.Management\v4.0_4.0.0.0__b03f5f7f11d50a3a\System.Management.dll</ModulePath>
      <ModuleTime>2018-04-11T23:35:15.7320541Z</ModuleTime>
      <ModuleName>System.Management</ModuleName>
      <Classes />
    </Module>
    <Module skippedDueTo="Filter" hash="62-CF-96-8C-24-F7-50-6C-BB-B9-43-0D-A1-69-61-A2-DD-FE-B6-73">
      <ModulePath>C:\Program Files\IIS Express\Newtonsoft.Json.dll</ModulePath>
      <ModuleTime>2018-01-22T11:17:14Z</ModuleTime>
      <ModuleName>Newtonsoft.Json</ModuleName>
      <Classes />
    </Module>
    <Module skippedDueTo="Filter" hash="B6-03-A2-FF-5E-7B-F5-92-A1-04-2D-8A-21-BA-7A-73-59-C3-FA-B2">
      <ModulePath>C:\Windows\Microsoft.Net\assembly\GAC_MSIL\System.ComponentModel.DataAnnotations\v4.0_4.0.0.0__31bf3856ad364e35\System.ComponentModel.DataAnnotations.dll</ModulePath>
      <ModuleTime>2018-04-11T23:35:19.7011011Z</ModuleTime>
      <ModuleName>System.ComponentModel.DataAnnotations</ModuleName>
      <Classes />
    </Module>
    <Module skippedDueTo="Filter" hash="C4-7C-C3-38-36-0B-B8-36-6C-A0-A6-C1-5B-BD-AB-0E-53-93-02-31">
      <ModulePath>C:\Windows\Microsoft.Net\assembly\GAC_MSIL\System.Runtime.Serialization\v4.0_4.0.0.0__b77a5c561934e089\System.Runtime.Serialization.dll</ModulePath>
      <ModuleTime>2018-07-11T01:24:40.3626163Z</ModuleTime>
      <ModuleName>System.Runtime.Serialization</ModuleName>
      <Classes />
    </Module>
    <Module skippedDueTo="Filter" hash="EE-87-E3-8B-35-D7-7B-51-75-59-60-AC-9C-42-7D-75-33-40-43-72">
      <ModulePath>C:\Windows\Microsoft.Net\assembly\GAC_MSIL\System.Xml.Linq\v4.0_4.0.0.0__b77a5c561934e089\System.Xml.Linq.dll</ModulePath>
      <ModuleTime>2018-04-11T23:35:18.3885028Z</ModuleTime>
      <ModuleName>System.Xml.Linq</ModuleName>
      <Classes />
    </Module>
    <Module skippedDueTo="Filter" hash="7A-67-69-0F-81-C1-A5-E8-89-2F-27-27-76-B4-59-C0-3D-80-C7-B0">
      <ModulePath>C:\Windows\Microsoft.Net\assembly\GAC_64\System.Data\v4.0_4.0.0.0__b77a5c561934e089\System.Data.dll</ModulePath>
      <ModuleTime>2018-07-11T01:18:58.649564Z</ModuleTime>
      <ModuleName>System.Data</ModuleName>
      <Classes />
    </Module>
    <Module skippedDueTo="Filter" hash="F4-2C-62-BF-35-54-9E-B9-E6-8F-4F-CB-2C-FE-25-9A-79-27-62-CC">
      <ModulePath>C:\Program Files\IIS Express\Microsoft.Diagnostics.Tracing.EventSource.dll</ModulePath>
      <ModuleTime>2017-07-19T05:10:26Z</ModuleTime>
      <ModuleName>Microsoft.Diagnostics.Tracing.EventSource</ModuleName>
      <Classes />
    </Module>
    <Module skippedDueTo="Filter" hash="82-C7-2A-15-1C-06-13-79-FF-83-19-64-B8-AE-79-5A-DB-37-59-23">
      <ModulePath>C:\Windows\Microsoft.Net\assembly\GAC_64\mscorlib\v4.0_4.0.0.0__b77a5c561934e089\mscorlib.dll</ModulePath>
      <ModuleTime>2018-08-01T00:20:56.7807035Z</ModuleTime>
      <ModuleName>mscorlib</ModuleName>
      <Classes />
    </Module>
    <Module skippedDueTo="Filter" hash="E7-AC-BD-4B-72-E5-3F-C4-3A-FC-3B-5C-CC-F0-F0-92-27-DB-5C-5A">
      <ModulePath>C:\Program Files (x86)\Microsoft Visual Studio\2017\Community\Common7\IDE\Extensions\Microsoft\Web Tools\ProjectSystem\VSIISExeLauncher.exe</ModulePath>
      <ModuleTime>2018-09-14T14:32:40.3002255Z</ModuleTime>
      <ModuleName>VSIISExeLauncher</ModuleName>
      <Classes />
    </Module>
    <Module skippedDueTo="Filter" hash="08-DE-EA-E1-0B-80-32-F5-3F-FB-C0-A6-E1-61-D8-B3-5E-75-1A-C4">
      <ModulePath>C:\Windows\Microsoft.Net\assembly\GAC_MSIL\System\v4.0_4.0.0.0__b77a5c561934e089\System.dll</ModulePath>
      <ModuleTime>2018-07-25T03:18:11.8724221Z</ModuleTime>
      <ModuleName>System</ModuleName>
      <Classes />
    </Module>
    <Module skippedDueTo="Filter" hash="8A-A3-7C-51-36-22-C7-D2-9D-0E-92-82-67-4D-3C-F3-60-CF-41-6A">
      <ModulePath>C:\Windows\Microsoft.Net\assembly\GAC_MSIL\System.Core\v4.0_4.0.0.0__b77a5c561934e089\System.Core.dll</ModulePath>
      <ModuleTime>2018-07-11T01:24:40.3313641Z</ModuleTime>
      <ModuleName>System.Core</ModuleName>
      <Classes />
    </Module>
    <Module skippedDueTo="Filter" hash="13-B4-7C-EF-85-9A-B9-BA-EE-A3-31-4D-1B-0D-54-8B-00-72-9B-CD">
      <ModulePath>C:\Program Files\dotnet\shared\Microsoft.NETCore.App\2.1.4\System.Private.CoreLib.dll</ModulePath>
      <ModuleTime>2018-08-13T17:52:08Z</ModuleTime>
      <ModuleName>System.Private.CoreLib</ModuleName>
      <Classes />
    </Module>
    <Module hash="AE-3D-43-8C-80-FF-3D-F9-38-C6-4B-AC-68-E4-2F-50-2B-1E-48-E1">
      <Summary numSequencePoints="60" visitedSequencePoints="39" numBranchPoints="22" visitedBranchPoints="11" sequenceCoverage="65" branchCoverage="50" maxCyclomaticComplexity="4" minCyclomaticComplexity="0" visitedClasses="4" numClasses="5" visitedMethods="10" numMethods="18" />
      <ModulePath>C:\Users\mahas\Repositories\Personal\SeleniumMeetup\WhiteBoxTesting\TargetApplication\bin\Debug\netcoreapp2.1\TargetApplication.dll</ModulePath>
      <ModuleTime>2018-09-19T22:56:00.8339314Z</ModuleTime>
      <ModuleName>TargetApplication</ModuleName>
      <Files>
        <File uid="1" fullPath="C:\Users\mahas\Repositories\Personal\SeleniumMeetup\WhiteBoxTesting\TargetApplication\Program.cs" />
        <File uid="2" fullPath="C:\Users\mahas\Repositories\Personal\SeleniumMeetup\WhiteBoxTesting\TargetApplication\Startup.cs" />
        <File uid="4" fullPath="C:\Users\mahas\Repositories\Personal\SeleniumMeetup\WhiteBoxTesting\TargetApplication\Models\ErrorViewModel.cs" />
        <File uid="5" fullPath="C:\Users\mahas\Repositories\Personal\SeleniumMeetup\WhiteBoxTesting\TargetApplication\Controllers\HomeController.cs" />
      </Files>
      <Classes>
        <Class>
          <Summary numSequencePoints="0" visitedSequencePoints="0" numBranchPoints="0" visitedBranchPoints="0" sequenceCoverage="0" branchCoverage="0" maxCyclomaticComplexity="0" minCyclomaticComplexity="0" visitedClasses="0" numClasses="0" visitedMethods="0" numMethods="0" />
          <FullName>&lt;Module&gt;</FullName>
          <Methods />
        </Class>
        <Class>
          <Summary numSequencePoints="4" visitedSequencePoints="4" numBranchPoints="2" visitedBranchPoints="2" sequenceCoverage="100" branchCoverage="100" maxCyclomaticComplexity="1" minCyclomaticComplexity="1" visitedClasses="1" numClasses="1" visitedMethods="2" numMethods="2" />
          <FullName>TargetApplication.Program</FullName>
          <Methods>
            <Method visited="true" cyclomaticComplexity="1" nPathComplexity="0" sequenceCoverage="100" branchCoverage="100" isConstructor="false" isStatic="true" isGetter="false" isSetter="false">
              <Summary numSequencePoints="3" visitedSequencePoints="3" numBranchPoints="1" visitedBranchPoints="1" sequenceCoverage="100" branchCoverage="100" maxCyclomaticComplexity="1" minCyclomaticComplexity="1" visitedClasses="0" numClasses="0" visitedMethods="1" numMethods="1" />
              <MetadataToken>100663297</MetadataToken>
              <Name>System.Void TargetApplication.Program::Main(System.String[])</Name>
              <FileRef uid="1" />
              <SequencePoints>
                <SequencePoint vc="1" uspid="1" ordinal="0" offset="0" sl="16" sc="9" el="16" ec="10" bec="0" bev="0" fileid="1" />
                <SequencePoint vc="1" uspid="2" ordinal="1" offset="1" sl="17" sc="13" el="17" ec="54" bec="0" bev="0" fileid="1" />
                <SequencePoint vc="1" uspid="3" ordinal="2" offset="18" sl="18" sc="9" el="18" ec="10" bec="0" bev="0" fileid="1" />
              </SequencePoints>
              <BranchPoints />
              <MethodPoint xsi:type="SequencePoint" vc="1" uspid="1" ordinal="0" offset="0" sl="16" sc="9" el="16" ec="10" bec="0" bev="0" fileid="1" />
            </Method>
            <Method visited="true" cyclomaticComplexity="1" nPathComplexity="0" sequenceCoverage="100" branchCoverage="100" isConstructor="false" isStatic="true" isGetter="false" isSetter="false">
              <Summary numSequencePoints="1" visitedSequencePoints="1" numBranchPoints="1" visitedBranchPoints="1" sequenceCoverage="100" branchCoverage="100" maxCyclomaticComplexity="1" minCyclomaticComplexity="1" visitedClasses="0" numClasses="0" visitedMethods="1" numMethods="1" />
              <MetadataToken>100663298</MetadataToken>
              <Name>Microsoft.AspNetCore.Hosting.IWebHostBuilder TargetApplication.Program::CreateWebHostBuilder(System.String[])</Name>
              <FileRef uid="1" />
              <SequencePoints>
                <SequencePoint vc="1" uspid="4" ordinal="0" offset="0" sl="21" sc="13" el="22" ec="39" bec="0" bev="0" fileid="1" />
              </SequencePoints>
              <BranchPoints />
              <MethodPoint xsi:type="SequencePoint" vc="1" uspid="4" ordinal="0" offset="0" sl="21" sc="13" el="22" ec="39" bec="0" bev="0" fileid="1" />
            </Method>
            <Method visited="false" cyclomaticComplexity="1" nPathComplexity="0" sequenceCoverage="0" branchCoverage="0" isConstructor="true" isStatic="false" isGetter="false" isSetter="false">
              <Summary numSequencePoints="0" visitedSequencePoints="0" numBranchPoints="0" visitedBranchPoints="0" sequenceCoverage="0" branchCoverage="0" maxCyclomaticComplexity="1" minCyclomaticComplexity="1" visitedClasses="0" numClasses="0" visitedMethods="0" numMethods="0" />
              <MetadataToken>100663299</MetadataToken>
              <Name>System.Void TargetApplication.Program::.ctor()</Name>
              <SequencePoints />
              <BranchPoints />
              <MethodPoint vc="0" uspid="5" ordinal="0" offset="0" />
            </Method>
          </Methods>
        </Class>
        <Class>
          <Summary numSequencePoints="23" visitedSequencePoints="19" numBranchPoints="6" visitedBranchPoints="4" sequenceCoverage="82.61" branchCoverage="66.67" maxCyclomaticComplexity="3" minCyclomaticComplexity="1" visitedClasses="1" numClasses="1" visitedMethods="3" numMethods="4" />
          <FullName>TargetApplication.Startup</FullName>
          <Methods>
            <Method visited="false" cyclomaticComplexity="1" nPathComplexity="0" sequenceCoverage="0" branchCoverage="0" isConstructor="false" isStatic="false" isGetter="true" isSetter="false">
              <Summary numSequencePoints="1" visitedSequencePoints="0" numBranchPoints="1" visitedBranchPoints="0" sequenceCoverage="0" branchCoverage="0" maxCyclomaticComplexity="1" minCyclomaticComplexity="1" visitedClasses="0" numClasses="0" visitedMethods="0" numMethods="1" />
              <MetadataToken>100663301</MetadataToken>
              <Name>Microsoft.Extensions.Configuration.IConfiguration TargetApplication.Startup::get_Configuration()</Name>
              <FileRef uid="2" />
              <SequencePoints>
                <SequencePoint vc="0" uspid="6" ordinal="0" offset="0" sl="22" sc="47" el="22" ec="51" bec="0" bev="0" fileid="2" />
              </SequencePoints>
              <BranchPoints />
              <MethodPoint xsi:type="SequencePoint" vc="0" uspid="6" ordinal="0" offset="0" sl="22" sc="47" el="22" ec="51" bec="0" bev="0" fileid="2" />
            </Method>
            <Method visited="true" cyclomaticComplexity="1" nPathComplexity="0" sequenceCoverage="100" branchCoverage="100" isConstructor="true" isStatic="false" isGetter="false" isSetter="false">
              <Summary numSequencePoints="4" visitedSequencePoints="4" numBranchPoints="1" visitedBranchPoints="1" sequenceCoverage="100" branchCoverage="100" maxCyclomaticComplexity="1" minCyclomaticComplexity="1" visitedClasses="0" numClasses="0" visitedMethods="1" numMethods="1" />
              <MetadataToken>100663300</MetadataToken>
              <Name>System.Void TargetApplication.Startup::.ctor(Microsoft.Extensions.Configuration.IConfiguration)</Name>
              <FileRef uid="2" />
              <SequencePoints>
                <SequencePoint vc="1" uspid="7" ordinal="0" offset="0" sl="17" sc="9" el="17" ec="53" bec="0" bev="0" fileid="2" />
                <SequencePoint vc="1" uspid="8" ordinal="1" offset="7" sl="18" sc="9" el="18" ec="10" bec="0" bev="0" fileid="2" />
                <SequencePoint vc="1" uspid="9" ordinal="2" offset="8" sl="19" sc="13" el="19" ec="43" bec="0" bev="0" fileid="2" />
                <SequencePoint vc="1" uspid="10" ordinal="3" offset="15" sl="20" sc="9" el="20" ec="10" bec="0" bev="0" fileid="2" />
              </SequencePoints>
              <BranchPoints />
              <MethodPoint xsi:type="SequencePoint" vc="1" uspid="7" ordinal="0" offset="0" sl="17" sc="9" el="17" ec="53" bec="0" bev="0" fileid="2" />
            </Method>
            <Method visited="true" cyclomaticComplexity="2" nPathComplexity="0" sequenceCoverage="100" branchCoverage="100" isConstructor="false" isStatic="false" isGetter="false" isSetter="false">
              <Summary numSequencePoints="4" visitedSequencePoints="4" numBranchPoints="1" visitedBranchPoints="1" sequenceCoverage="100" branchCoverage="100" maxCyclomaticComplexity="2" minCyclomaticComplexity="2" visitedClasses="0" numClasses="0" visitedMethods="1" numMethods="1" />
              <MetadataToken>100663302</MetadataToken>
              <Name>System.Void TargetApplication.Startup::ConfigureServices(Microsoft.Extensions.DependencyInjection.IServiceCollection)</Name>
              <FileRef uid="2" />
              <SequencePoints>
                <SequencePoint vc="1" uspid="11" ordinal="0" offset="0" sl="26" sc="9" el="26" ec="10" bec="0" bev="0" fileid="2" />
                <SequencePoint vc="1" uspid="12" ordinal="1" offset="1" sl="27" sc="13" el="32" ec="16" bec="0" bev="0" fileid="2" />
                <SequencePoint vc="1" uspid="13" ordinal="2" offset="39" sl="35" sc="13" el="35" ec="89" bec="0" bev="0" fileid="2" />
                <SequencePoint vc="1" uspid="14" ordinal="3" offset="52" sl="36" sc="9" el="36" ec="10" bec="0" bev="0" fileid="2" />
              </SequencePoints>
              <BranchPoints />
              <MethodPoint xsi:type="SequencePoint" vc="1" uspid="11" ordinal="0" offset="0" sl="26" sc="9" el="26" ec="10" bec="0" bev="0" fileid="2" />
            </Method>
            <Method visited="true" cyclomaticComplexity="3" nPathComplexity="2" sequenceCoverage="78.57" branchCoverage="66.67" isConstructor="false" isStatic="false" isGetter="false" isSetter="false">
              <Summary numSequencePoints="14" visitedSequencePoints="11" numBranchPoints="3" visitedBranchPoints="2" sequenceCoverage="78.57" branchCoverage="66.67" maxCyclomaticComplexity="3" minCyclomaticComplexity="3" visitedClasses="0" numClasses="0" visitedMethods="1" numMethods="1" />
              <MetadataToken>100663303</MetadataToken>
              <Name>System.Void TargetApplication.Startup::Configure(Microsoft.AspNetCore.Builder.IApplicationBuilder,Microsoft.AspNetCore.Hosting.IHostingEnvironment)</Name>
              <FileRef uid="2" />
              <SequencePoints>
                <SequencePoint vc="1" uspid="17" ordinal="0" offset="0" sl="40" sc="9" el="40" ec="10" bec="0" bev="0" fileid="2" />
                <SequencePoint vc="1" uspid="18" ordinal="1" offset="1" sl="41" sc="13" el="41" ec="37" bec="2" bev="1" fileid="2" />
                <SequencePoint vc="0" uspid="19" ordinal="2" offset="11" sl="42" sc="13" el="42" ec="14" bec="0" bev="0" fileid="2" />
                <SequencePoint vc="0" uspid="20" ordinal="3" offset="12" sl="43" sc="17" el="43" ec="49" bec="0" bev="0" fileid="2" />
                <SequencePoint vc="0" uspid="21" ordinal="4" offset="19" sl="44" sc="13" el="44" ec="14" bec="0" bev="0" fileid="2" />
                <SequencePoint vc="1" uspid="22" ordinal="5" offset="22" sl="46" sc="13" el="46" ec="14" bec="0" bev="0" fileid="2" />
                <SequencePoint vc="1" uspid="23" ordinal="6" offset="23" sl="47" sc="17" el="47" ec="56" bec="0" bev="0" fileid="2" />
                <SequencePoint vc="1" uspid="24" ordinal="7" offset="35" sl="48" sc="17" el="48" ec="31" bec="0" bev="0" fileid="2" />
                <SequencePoint vc="1" uspid="25" ordinal="8" offset="42" sl="49" sc="13" el="49" ec="14" bec="0" bev="0" fileid="2" />
                <SequencePoint vc="1" uspid="26" ordinal="9" offset="43" sl="51" sc="13" el="51" ec="39" bec="0" bev="0" fileid="2" />
                <SequencePoint vc="1" uspid="27" ordinal="10" offset="50" sl="52" sc="13" el="52" ec="34" bec="0" bev="0" fileid="2" />
                <SequencePoint vc="1" uspid="28" ordinal="11" offset="57" sl="53" sc="13" el="53" ec="35" bec="0" bev="0" fileid="2" />
                <SequencePoint vc="1" uspid="29" ordinal="12" offset="64" sl="55" sc="13" el="60" ec="16" bec="0" bev="0" fileid="2" />
                <SequencePoint vc="1" uspid="30" ordinal="13" offset="102" sl="61" sc="9" el="61" ec="10" bec="0" bev="0" fileid="2" />
              </SequencePoints>
              <BranchPoints>
                <BranchPoint vc="0" uspid="31" ordinal="0" offset="9" sl="41" path="0" offsetend="11" fileid="2" />
                <BranchPoint vc="1" uspid="32" ordinal="1" offset="9" sl="41" path="1" offsetend="22" fileid="2" />
              </BranchPoints>
              <MethodPoint xsi:type="SequencePoint" vc="1" uspid="17" ordinal="0" offset="0" sl="40" sc="9" el="40" ec="10" bec="0" bev="0" fileid="2" />
            </Method>
          </Methods>
        </Class>
        <Class>
          <Summary numSequencePoints="8" visitedSequencePoints="8" numBranchPoints="3" visitedBranchPoints="3" sequenceCoverage="100" branchCoverage="100" maxCyclomaticComplexity="2" minCyclomaticComplexity="1" visitedClasses="1" numClasses="1" visitedMethods="3" numMethods="3" />
          <FullName>TargetApplication.Startup/&lt;&gt;c</FullName>
          <Methods>
            <Method visited="true" cyclomaticComplexity="1" nPathComplexity="0" sequenceCoverage="0" branchCoverage="0" isConstructor="true" isStatic="true" isGetter="false" isSetter="false">
              <Summary numSequencePoints="0" visitedSequencePoints="0" numBranchPoints="0" visitedBranchPoints="0" sequenceCoverage="0" branchCoverage="0" maxCyclomaticComplexity="1" minCyclomaticComplexity="1" visitedClasses="0" numClasses="0" visitedMethods="0" numMethods="0" />
              <MetadataToken>100663315</MetadataToken>
              <Name>System.Void TargetApplication.Startup/&lt;&gt;c::.cctor()</Name>
              <SequencePoints />
              <BranchPoints />
              <MethodPoint vc="1" uspid="35" ordinal="0" offset="0" />
            </Method>
            <Method visited="true" cyclomaticComplexity="1" nPathComplexity="0" sequenceCoverage="0" branchCoverage="0" isConstructor="true" isStatic="false" isGetter="false" isSetter="false">
              <Summary numSequencePoints="0" visitedSequencePoints="0" numBranchPoints="0" visitedBranchPoints="0" sequenceCoverage="0" branchCoverage="0" maxCyclomaticComplexity="1" minCyclomaticComplexity="1" visitedClasses="0" numClasses="0" visitedMethods="0" numMethods="0" />
              <MetadataToken>100663316</MetadataToken>
              <Name>System.Void TargetApplication.Startup/&lt;&gt;c::.ctor()</Name>
              <SequencePoints />
              <BranchPoints />
              <MethodPoint vc="1" uspid="36" ordinal="0" offset="0" />
            </Method>
            <Method visited="true" cyclomaticComplexity="2" nPathComplexity="0" sequenceCoverage="100" branchCoverage="100" isConstructor="false" isStatic="false" isGetter="false" isSetter="false">
              <Summary numSequencePoints="4" visitedSequencePoints="4" numBranchPoints="1" visitedBranchPoints="1" sequenceCoverage="100" branchCoverage="100" maxCyclomaticComplexity="2" minCyclomaticComplexity="2" visitedClasses="0" numClasses="0" visitedMethods="1" numMethods="1" />
              <MetadataToken>100663317</MetadataToken>
              <Name>System.Void TargetApplication.Startup/&lt;&gt;c::&lt;ConfigureServices&gt;b__4_0(Microsoft.AspNetCore.Builder.CookiePolicyOptions)</Name>
              <FileRef uid="2" />
              <SequencePoints>
                <SequencePoint vc="1" uspid="37" ordinal="0" offset="0" sl="28" sc="13" el="28" ec="14" bec="0" bev="0" fileid="2" />
                <SequencePoint vc="1" uspid="38" ordinal="1" offset="1" sl="30" sc="17" el="30" ec="62" bec="0" bev="0" fileid="2" />
                <SequencePoint vc="1" uspid="39" ordinal="2" offset="39" sl="31" sc="17" el="31" ec="67" bec="0" bev="0" fileid="2" />
                <SequencePoint vc="1" uspid="40" ordinal="3" offset="47" sl="32" sc="13" el="32" ec="14" bec="0" bev="0" fileid="2" />
              </SequencePoints>
              <BranchPoints />
              <MethodPoint xsi:type="SequencePoint" vc="1" uspid="37" ordinal="0" offset="0" sl="28" sc="13" el="28" ec="14" bec="0" bev="0" fileid="2" />
            </Method>
            <Method visited="true" cyclomaticComplexity="1" nPathComplexity="0" sequenceCoverage="100" branchCoverage="100" isConstructor="false" isStatic="false" isGetter="false" isSetter="false">
              <Summary numSequencePoints="1" visitedSequencePoints="1" numBranchPoints="1" visitedBranchPoints="1" sequenceCoverage="100" branchCoverage="100" maxCyclomaticComplexity="1" minCyclomaticComplexity="1" visitedClasses="0" numClasses="0" visitedMethods="1" numMethods="1" />
              <MetadataToken>100663318</MetadataToken>
              <Name>System.Boolean TargetApplication.Startup/&lt;&gt;c::&lt;ConfigureServices&gt;b__4_1(Microsoft.AspNetCore.Http.HttpContext)</Name>
              <FileRef uid="2" />
              <SequencePoints>
                <SequencePoint vc="9" uspid="43" ordinal="0" offset="0" sl="30" sc="57" el="30" ec="61" bec="0" bev="0" fileid="2" />
              </SequencePoints>
              <BranchPoints />
              <MethodPoint xsi:type="SequencePoint" vc="9" uspid="43" ordinal="0" offset="0" sl="30" sc="57" el="30" ec="61" bec="0" bev="0" fileid="2" />
            </Method>
            <Method visited="true" cyclomaticComplexity="1" nPathComplexity="0" sequenceCoverage="100" branchCoverage="100" isConstructor="false" isStatic="false" isGetter="false" isSetter="false">
              <Summary numSequencePoints="3" visitedSequencePoints="3" numBranchPoints="1" visitedBranchPoints="1" sequenceCoverage="100" branchCoverage="100" maxCyclomaticComplexity="1" minCyclomaticComplexity="1" visitedClasses="0" numClasses="0" visitedMethods="1" numMethods="1" />
              <MetadataToken>100663319</MetadataToken>
              <Name>System.Void TargetApplication.Startup/&lt;&gt;c::&lt;Configure&gt;b__5_0(Microsoft.AspNetCore.Routing.IRouteBuilder)</Name>
              <FileRef uid="2" />
              <SequencePoints>
                <SequencePoint vc="1" uspid="44" ordinal="0" offset="0" sl="56" sc="13" el="56" ec="14" bec="0" bev="0" fileid="2" />
                <SequencePoint vc="1" uspid="45" ordinal="1" offset="1" sl="57" sc="17" el="59" ec="73" bec="0" bev="0" fileid="2" />
                <SequencePoint vc="1" uspid="46" ordinal="2" offset="18" sl="60" sc="13" el="60" ec="14" bec="0" bev="0" fileid="2" />
              </SequencePoints>
              <BranchPoints />
              <MethodPoint xsi:type="SequencePoint" vc="1" uspid="44" ordinal="0" offset="0" sl="56" sc="13" el="56" ec="14" bec="0" bev="0" fileid="2" />
            </Method>
          </Methods>
        </Class>
        <Class>
          <Summary numSequencePoints="3" visitedSequencePoints="0" numBranchPoints="3" visitedBranchPoints="0" sequenceCoverage="0" branchCoverage="0" maxCyclomaticComplexity="1" minCyclomaticComplexity="1" visitedClasses="0" numClasses="1" visitedMethods="0" numMethods="3" />
          <FullName>TargetApplication.Models.ErrorViewModel</FullName>
          <Methods>
            <Method visited="false" cyclomaticComplexity="1" nPathComplexity="0" sequenceCoverage="0" branchCoverage="0" isConstructor="false" isStatic="false" isGetter="true" isSetter="false">
              <Summary numSequencePoints="1" visitedSequencePoints="0" numBranchPoints="1" visitedBranchPoints="0" sequenceCoverage="0" branchCoverage="0" maxCyclomaticComplexity="1" minCyclomaticComplexity="1" visitedClasses="0" numClasses="0" visitedMethods="0" numMethods="1" />
              <MetadataToken>100663304</MetadataToken>
              <Name>System.String TargetApplication.Models.ErrorViewModel::get_RequestId()</Name>
              <FileRef uid="4" />
              <SequencePoints>
                <SequencePoint vc="0" uspid="47" ordinal="0" offset="0" sl="7" sc="35" el="7" ec="39" bec="0" bev="0" fileid="4" />
              </SequencePoints>
              <BranchPoints />
              <MethodPoint xsi:type="SequencePoint" vc="0" uspid="47" ordinal="0" offset="0" sl="7" sc="35" el="7" ec="39" bec="0" bev="0" fileid="4" />
            </Method>
            <Method visited="false" cyclomaticComplexity="1" nPathComplexity="0" sequenceCoverage="0" branchCoverage="0" isConstructor="false" isStatic="false" isGetter="false" isSetter="true">
              <Summary numSequencePoints="1" visitedSequencePoints="0" numBranchPoints="1" visitedBranchPoints="0" sequenceCoverage="0" branchCoverage="0" maxCyclomaticComplexity="1" minCyclomaticComplexity="1" visitedClasses="0" numClasses="0" visitedMethods="0" numMethods="1" />
              <MetadataToken>100663305</MetadataToken>
              <Name>System.Void TargetApplication.Models.ErrorViewModel::set_RequestId(System.String)</Name>
              <FileRef uid="4" />
              <SequencePoints>
                <SequencePoint vc="0" uspid="48" ordinal="0" offset="0" sl="7" sc="40" el="7" ec="44" bec="0" bev="0" fileid="4" />
              </SequencePoints>
              <BranchPoints />
              <MethodPoint xsi:type="SequencePoint" vc="0" uspid="48" ordinal="0" offset="0" sl="7" sc="40" el="7" ec="44" bec="0" bev="0" fileid="4" />
            </Method>
            <Method visited="false" cyclomaticComplexity="1" nPathComplexity="0" sequenceCoverage="0" branchCoverage="0" isConstructor="false" isStatic="false" isGetter="true" isSetter="false">
              <Summary numSequencePoints="1" visitedSequencePoints="0" numBranchPoints="1" visitedBranchPoints="0" sequenceCoverage="0" branchCoverage="0" maxCyclomaticComplexity="1" minCyclomaticComplexity="1" visitedClasses="0" numClasses="0" visitedMethods="0" numMethods="1" />
              <MetadataToken>100663306</MetadataToken>
              <Name>System.Boolean TargetApplication.Models.ErrorViewModel::get_ShowRequestId()</Name>
              <FileRef uid="4" />
              <SequencePoints>
                <SequencePoint vc="0" uspid="49" ordinal="0" offset="0" sl="9" sc="38" el="9" ec="70" bec="0" bev="0" fileid="4" />
              </SequencePoints>
              <BranchPoints />
              <MethodPoint xsi:type="SequencePoint" vc="0" uspid="49" ordinal="0" offset="0" sl="9" sc="38" el="9" ec="70" bec="0" bev="0" fileid="4" />
            </Method>
            <Method visited="false" cyclomaticComplexity="1" nPathComplexity="0" sequenceCoverage="0" branchCoverage="0" isConstructor="true" isStatic="false" isGetter="false" isSetter="false">
              <Summary numSequencePoints="0" visitedSequencePoints="0" numBranchPoints="0" visitedBranchPoints="0" sequenceCoverage="0" branchCoverage="0" maxCyclomaticComplexity="1" minCyclomaticComplexity="1" visitedClasses="0" numClasses="0" visitedMethods="0" numMethods="0" />
              <MetadataToken>100663307</MetadataToken>
              <Name>System.Void TargetApplication.Models.ErrorViewModel::.ctor()</Name>
              <SequencePoints />
              <BranchPoints />
              <MethodPoint vc="0" uspid="50" ordinal="0" offset="0" />
            </Method>
          </Methods>
        </Class>
        <Class>
          <Summary numSequencePoints="22" visitedSequencePoints="8" numBranchPoints="8" visitedBranchPoints="2" sequenceCoverage="36.36" branchCoverage="25" maxCyclomaticComplexity="4" minCyclomaticComplexity="1" visitedClasses="1" numClasses="1" visitedMethods="2" numMethods="6" />
          <FullName>TargetApplication.Controllers.HomeController</FullName>
          <Methods>
            <Method visited="true" cyclomaticComplexity="1" nPathComplexity="0" sequenceCoverage="100" branchCoverage="100" isConstructor="false" isStatic="false" isGetter="false" isSetter="false">
              <Summary numSequencePoints="3" visitedSequencePoints="3" numBranchPoints="1" visitedBranchPoints="1" sequenceCoverage="100" branchCoverage="100" maxCyclomaticComplexity="1" minCyclomaticComplexity="1" visitedClasses="0" numClasses="0" visitedMethods="1" numMethods="1" />
              <MetadataToken>100663308</MetadataToken>
              <Name>Microsoft.AspNetCore.Mvc.IActionResult TargetApplication.Controllers.HomeController::Index()</Name>
              <FileRef uid="5" />
              <SequencePoints>
                <SequencePoint vc="6" uspid="51" ordinal="0" offset="0" sl="16" sc="9" el="16" ec="10" bec="0" bev="0" fileid="5" />
                <SequencePoint vc="6" uspid="52" ordinal="1" offset="1" sl="17" sc="13" el="17" ec="27" bec="0" bev="0" fileid="5" />
                <SequencePoint vc="6" uspid="53" ordinal="2" offset="10" sl="18" sc="9" el="18" ec="10" bec="0" bev="0" fileid="5" />
              </SequencePoints>
              <BranchPoints />
              <MethodPoint xsi:type="SequencePoint" vc="6" uspid="51" ordinal="0" offset="0" sl="16" sc="9" el="16" ec="10" bec="0" bev="0" fileid="5" />
            </Method>
            <Method visited="true" cyclomaticComplexity="2" nPathComplexity="0" sequenceCoverage="100" branchCoverage="100" isConstructor="false" isStatic="false" isGetter="false" isSetter="false">
              <Summary numSequencePoints="5" visitedSequencePoints="5" numBranchPoints="1" visitedBranchPoints="1" sequenceCoverage="100" branchCoverage="100" maxCyclomaticComplexity="2" minCyclomaticComplexity="2" visitedClasses="0" numClasses="0" visitedMethods="1" numMethods="1" />
              <MetadataToken>100663309</MetadataToken>
              <Name>Microsoft.AspNetCore.Mvc.IActionResult TargetApplication.Controllers.HomeController::Result(TargetLibrary.InsuranceRiskInformation)</Name>
              <FileRef uid="5" />
              <SequencePoints>
                <SequencePoint vc="3" uspid="54" ordinal="0" offset="0" sl="22" sc="9" el="22" ec="10" bec="0" bev="0" fileid="5" />
                <SequencePoint vc="3" uspid="55" ordinal="1" offset="1" sl="23" sc="13" el="23" ec="92" bec="0" bev="0" fileid="5" />
                <SequencePoint vc="3" uspid="56" ordinal="2" offset="8" sl="24" sc="13" el="24" ec="84" bec="0" bev="0" fileid="5" />
                <SequencePoint vc="3" uspid="57" ordinal="3" offset="113" sl="26" sc="13" el="26" ec="27" bec="0" bev="0" fileid="5" />
                <SequencePoint vc="3" uspid="58" ordinal="4" offset="122" sl="27" sc="9" el="27" ec="10" bec="0" bev="0" fileid="5" />
              </SequencePoints>
              <BranchPoints />
              <MethodPoint xsi:type="SequencePoint" vc="3" uspid="54" ordinal="0" offset="0" sl="22" sc="9" el="22" ec="10" bec="0" bev="0" fileid="5" />
            </Method>
            <Method visited="false" cyclomaticComplexity="1" nPathComplexity="0" sequenceCoverage="0" branchCoverage="0" isConstructor="false" isStatic="false" isGetter="false" isSetter="false">
              <Summary numSequencePoints="4" visitedSequencePoints="0" numBranchPoints="1" visitedBranchPoints="0" sequenceCoverage="0" branchCoverage="0" maxCyclomaticComplexity="1" minCyclomaticComplexity="1" visitedClasses="0" numClasses="0" visitedMethods="0" numMethods="1" />
              <MetadataToken>100663310</MetadataToken>
              <Name>Microsoft.AspNetCore.Mvc.IActionResult TargetApplication.Controllers.HomeController::About()</Name>
              <FileRef uid="5" />
              <SequencePoints>
                <SequencePoint vc="0" uspid="61" ordinal="0" offset="0" sl="30" sc="9" el="30" ec="10" bec="0" bev="0" fileid="5" />
                <SequencePoint vc="0" uspid="62" ordinal="1" offset="1" sl="31" sc="13" el="31" ec="72" bec="0" bev="0" fileid="5" />
                <SequencePoint vc="0" uspid="63" ordinal="2" offset="23" sl="33" sc="13" el="33" ec="27" bec="0" bev="0" fileid="5" />
                <SequencePoint vc="0" uspid="64" ordinal="3" offset="32" sl="34" sc="9" el="34" ec="10" bec="0" bev="0" fileid="5" />
              </SequencePoints>
              <BranchPoints />
              <MethodPoint xsi:type="SequencePoint" vc="0" uspid="61" ordinal="0" offset="0" sl="30" sc="9" el="30" ec="10" bec="0" bev="0" fileid="5" />
            </Method>
            <Method visited="false" cyclomaticComplexity="1" nPathComplexity="0" sequenceCoverage="0" branchCoverage="0" isConstructor="false" isStatic="false" isGetter="false" isSetter="false">
              <Summary numSequencePoints="4" visitedSequencePoints="0" numBranchPoints="1" visitedBranchPoints="0" sequenceCoverage="0" branchCoverage="0" maxCyclomaticComplexity="1" minCyclomaticComplexity="1" visitedClasses="0" numClasses="0" visitedMethods="0" numMethods="1" />
              <MetadataToken>100663311</MetadataToken>
              <Name>Microsoft.AspNetCore.Mvc.IActionResult TargetApplication.Controllers.HomeController::Contact()</Name>
              <FileRef uid="5" />
              <SequencePoints>
                <SequencePoint vc="0" uspid="65" ordinal="0" offset="0" sl="37" sc="9" el="37" ec="10" bec="0" bev="0" fileid="5" />
                <SequencePoint vc="0" uspid="66" ordinal="1" offset="1" sl="38" sc="13" el="38" ec="56" bec="0" bev="0" fileid="5" />
                <SequencePoint vc="0" uspid="67" ordinal="2" offset="23" sl="40" sc="13" el="40" ec="27" bec="0" bev="0" fileid="5" />
                <SequencePoint vc="0" uspid="68" ordinal="3" offset="32" sl="41" sc="9" el="41" ec="10" bec="0" bev="0" fileid="5" />
              </SequencePoints>
              <BranchPoints />
              <MethodPoint xsi:type="SequencePoint" vc="0" uspid="65" ordinal="0" offset="0" sl="37" sc="9" el="37" ec="10" bec="0" bev="0" fileid="5" />
            </Method>
            <Method visited="false" cyclomaticComplexity="1" nPathComplexity="0" sequenceCoverage="0" branchCoverage="0" isConstructor="false" isStatic="false" isGetter="false" isSetter="false">
              <Summary numSequencePoints="3" visitedSequencePoints="0" numBranchPoints="1" visitedBranchPoints="0" sequenceCoverage="0" branchCoverage="0" maxCyclomaticComplexity="1" minCyclomaticComplexity="1" visitedClasses="0" numClasses="0" visitedMethods="0" numMethods="1" />
              <MetadataToken>100663312</MetadataToken>
              <Name>Microsoft.AspNetCore.Mvc.IActionResult TargetApplication.Controllers.HomeController::Privacy()</Name>
              <FileRef uid="5" />
              <SequencePoints>
                <SequencePoint vc="0" uspid="69" ordinal="0" offset="0" sl="44" sc="9" el="44" ec="10" bec="0" bev="0" fileid="5" />
                <SequencePoint vc="0" uspid="70" ordinal="1" offset="1" sl="45" sc="13" el="45" ec="27" bec="0" bev="0" fileid="5" />
                <SequencePoint vc="0" uspid="71" ordinal="2" offset="10" sl="46" sc="9" el="46" ec="10" bec="0" bev="0" fileid="5" />
              </SequencePoints>
              <BranchPoints />
              <MethodPoint xsi:type="SequencePoint" vc="0" uspid="69" ordinal="0" offset="0" sl="44" sc="9" el="44" ec="10" bec="0" bev="0" fileid="5" />
            </Method>
            <Method visited="false" cyclomaticComplexity="4" nPathComplexity="2" sequenceCoverage="0" branchCoverage="0" isConstructor="false" isStatic="false" isGetter="false" isSetter="false">
              <Summary numSequencePoints="3" visitedSequencePoints="0" numBranchPoints="3" visitedBranchPoints="0" sequenceCoverage="0" branchCoverage="0" maxCyclomaticComplexity="4" minCyclomaticComplexity="4" visitedClasses="0" numClasses="0" visitedMethods="0" numMethods="1" />
              <MetadataToken>100663313</MetadataToken>
              <Name>Microsoft.AspNetCore.Mvc.IActionResult TargetApplication.Controllers.HomeController::Error()</Name>
              <FileRef uid="5" />
              <SequencePoints>
                <SequencePoint vc="0" uspid="72" ordinal="0" offset="0" sl="50" sc="9" el="50" ec="10" bec="0" bev="0" fileid="5" />
                <SequencePoint vc="0" uspid="73" ordinal="1" offset="1" sl="51" sc="13" el="51" ec="113" bec="2" bev="0" fileid="5" />
                <SequencePoint vc="0" uspid="74" ordinal="2" offset="54" sl="52" sc="9" el="52" ec="10" bec="0" bev="0" fileid="5" />
              </SequencePoints>
              <BranchPoints>
                <BranchPoint vc="0" uspid="75" ordinal="0" offset="14" sl="51" path="0" offsetend="16" fileid="5" />
                <BranchPoint vc="0" uspid="76" ordinal="1" offset="14" sl="51" path="1" offsetend="20" fileid="5" />
              </BranchPoints>
              <MethodPoint xsi:type="SequencePoint" vc="0" uspid="72" ordinal="0" offset="0" sl="50" sc="9" el="50" ec="10" bec="0" bev="0" fileid="5" />
            </Method>
            <Method visited="true" cyclomaticComplexity="1" nPathComplexity="0" sequenceCoverage="0" branchCoverage="0" isConstructor="true" isStatic="false" isGetter="false" isSetter="false">
              <Summary numSequencePoints="0" visitedSequencePoints="0" numBranchPoints="0" visitedBranchPoints="0" sequenceCoverage="0" branchCoverage="0" maxCyclomaticComplexity="1" minCyclomaticComplexity="1" visitedClasses="0" numClasses="0" visitedMethods="0" numMethods="0" />
              <MetadataToken>100663314</MetadataToken>
              <Name>System.Void TargetApplication.Controllers.HomeController::.ctor()</Name>
              <SequencePoints />
              <BranchPoints />
              <MethodPoint vc="9" uspid="79" ordinal="0" offset="0" />
            </Method>
          </Methods>
        </Class>
        <Class>
          <Summary numSequencePoints="0" visitedSequencePoints="0" numBranchPoints="0" visitedBranchPoints="0" sequenceCoverage="0" branchCoverage="0" maxCyclomaticComplexity="0" minCyclomaticComplexity="0" visitedClasses="0" numClasses="0" visitedMethods="0" numMethods="0" />
          <FullName>TargetApplication.Controllers.HomeController/&lt;&gt;o__1</FullName>
          <Methods />
        </Class>
      </Classes>
    </Module>
    <Module skippedDueTo="Filter" hash="E8-F7-67-C1-A6-5E-71-22-90-79-D8-36-E5-55-24-52-CE-D2-F5-9D">
      <ModulePath>C:\Program Files\dotnet\shared\Microsoft.NETCore.App\2.1.4\System.Runtime.dll</ModulePath>
      <ModuleTime>2018-08-13T17:52:08Z</ModuleTime>
      <ModuleName>System.Runtime</ModuleName>
      <Classes />
    </Module>
    <Module skippedDueTo="Filter" hash="BF-EE-8E-E6-79-AB-BA-58-A1-96-8C-1D-8C-AC-12-45-59-2D-96-95">
      <ModulePath>C:\Program Files\dotnet\shared\Microsoft.AspNetCore.App\2.1.4\Microsoft.AspNetCore.Hosting.Abstractions.dll</ModulePath>
      <ModuleTime>2018-08-14T02:26:20Z</ModuleTime>
      <ModuleName>Microsoft.AspNetCore.Hosting.Abstractions</ModuleName>
      <Classes />
    </Module>
    <Module skippedDueTo="Filter" hash="E1-AA-1B-C3-75-B4-55-78-B7-13-55-79-5C-DD-73-C4-0E-61-4E-3B">
      <ModulePath>C:\Program Files\dotnet\shared\Microsoft.NETCore.App\2.1.4\netstandard.dll</ModulePath>
      <ModuleTime>2018-08-13T17:52:08Z</ModuleTime>
      <ModuleName>netstandard</ModuleName>
      <Classes />
    </Module>
    <Module skippedDueTo="Filter" hash="25-E5-E3-49-E8-96-58-95-B8-11-34-80-F4-5D-E3-16-B0-54-00-F9">
      <ModulePath>C:\Program Files\dotnet\shared\Microsoft.AspNetCore.App\2.1.4\Microsoft.AspNetCore.Hosting.dll</ModulePath>
      <ModuleTime>2018-08-14T02:26:20Z</ModuleTime>
      <ModuleName>Microsoft.AspNetCore.Hosting</ModuleName>
      <Classes />
    </Module>
    <Module skippedDueTo="Filter" hash="EE-DA-0C-F6-92-B1-1A-C5-20-B5-30-66-99-2E-58-7F-90-18-41-D0">
      <ModulePath>C:\Program Files\dotnet\shared\Microsoft.AspNetCore.App\2.1.4\Microsoft.AspNetCore.dll</ModulePath>
      <ModuleTime>2018-08-14T02:26:18Z</ModuleTime>
      <ModuleName>Microsoft.AspNetCore</ModuleName>
      <Classes />
    </Module>
    <Module skippedDueTo="Filter" hash="B2-BD-51-CD-4B-3B-54-84-85-1A-EF-81-F0-9F-A2-AA-53-78-39-1E">
      <ModulePath>C:\Program Files\dotnet\shared\Microsoft.AspNetCore.App\2.1.4\Microsoft.Extensions.Configuration.Abstractions.dll</ModulePath>
      <ModuleTime>2018-08-14T02:26:18Z</ModuleTime>
      <ModuleName>Microsoft.Extensions.Configuration.Abstractions</ModuleName>
      <Classes />
    </Module>
    <Module skippedDueTo="Filter" hash="2D-2B-76-17-56-63-60-07-FC-64-23-3E-0D-D0-27-C9-0F-E4-07-9C">
      <ModulePath>C:\Program Files\dotnet\shared\Microsoft.AspNetCore.App\2.1.4\Microsoft.Extensions.DependencyInjection.Abstractions.dll</ModulePath>
      <ModuleTime>2018-08-14T02:26:10Z</ModuleTime>
      <ModuleName>Microsoft.Extensions.DependencyInjection.Abstractions</ModuleName>
      <Classes />
    </Module>
    <Module skippedDueTo="Filter" hash="2A-69-A9-4E-FE-C0-6A-70-3C-D6-00-CE-01-4A-DD-3B-2F-CE-7D-3F">
      <ModulePath>C:\Program Files\dotnet\shared\Microsoft.AspNetCore.App\2.1.4\Microsoft.AspNetCore.Server.Kestrel.Core.dll</ModulePath>
      <ModuleTime>2018-08-14T02:26:20Z</ModuleTime>
      <ModuleName>Microsoft.AspNetCore.Server.Kestrel.Core</ModuleName>
      <Classes />
    </Module>
    <Module skippedDueTo="Filter" hash="4D-BE-66-D1-F2-FA-3E-F3-0B-56-57-DE-5C-D2-13-30-3F-64-5E-47">
      <ModulePath>C:\Program Files\dotnet\shared\Microsoft.AspNetCore.App\2.1.4\Microsoft.AspNetCore.Server.Kestrel.Transport.Abstractions.dll</ModulePath>
      <ModuleTime>2018-08-14T02:26:12Z</ModuleTime>
      <ModuleName>Microsoft.AspNetCore.Server.Kestrel.Transport.Abstractions</ModuleName>
      <Classes />
    </Module>
    <Module skippedDueTo="Filter" hash="C0-EA-F2-37-96-7D-95-50-01-03-A9-98-73-A6-E4-9E-E7-6A-63-5E">
      <ModulePath>C:\Program Files\dotnet\shared\Microsoft.AspNetCore.App\2.1.4\Microsoft.AspNetCore.Server.Kestrel.dll</ModulePath>
      <ModuleTime>2018-08-14T02:26:20Z</ModuleTime>
      <ModuleName>Microsoft.AspNetCore.Server.Kestrel</ModuleName>
      <Classes />
    </Module>
    <Module skippedDueTo="Filter" hash="2A-22-00-69-69-85-FA-C4-C0-A3-CE-1B-40-9B-D5-78-89-B1-3F-35">
      <ModulePath>C:\Program Files\dotnet\shared\Microsoft.NETCore.App\2.1.4\System.IO.FileSystem.dll</ModulePath>
      <ModuleTime>2018-08-13T17:52:04Z</ModuleTime>
      <ModuleName>System.IO.FileSystem</ModuleName>
      <Classes />
    </Module>
    <Module skippedDueTo="Filter" hash="A2-1E-E1-C4-69-FD-F5-C6-6A-EE-52-95-17-0D-51-74-91-FD-F4-DC">
      <ModulePath>C:\Program Files\dotnet\shared\Microsoft.AspNetCore.App\2.1.4\Microsoft.Extensions.Logging.dll</ModulePath>
      <ModuleTime>2018-08-14T02:26:10Z</ModuleTime>
      <ModuleName>Microsoft.Extensions.Logging</ModuleName>
      <Classes />
    </Module>
    <Module skippedDueTo="Filter" hash="D3-6E-A3-95-C6-77-2A-EB-67-1A-14-46-D7-66-88-1A-06-91-BD-7C">
      <ModulePath>C:\Program Files\dotnet\shared\Microsoft.AspNetCore.App\2.1.4\Microsoft.AspNetCore.Server.IISIntegration.dll</ModulePath>
      <ModuleTime>2018-08-14T02:26:10Z</ModuleTime>
      <ModuleName>Microsoft.AspNetCore.Server.IISIntegration</ModuleName>
      <Classes />
    </Module>
    <Module skippedDueTo="Filter" hash="76-DC-8C-B6-8A-B1-0C-EE-78-3D-BD-66-B2-B9-F3-1D-13-4F-02-E9">
      <ModulePath>C:\Program Files\dotnet\shared\Microsoft.AspNetCore.App\2.1.4\Microsoft.Extensions.DependencyInjection.dll</ModulePath>
      <ModuleTime>2018-08-14T02:26:14Z</ModuleTime>
      <ModuleName>Microsoft.Extensions.DependencyInjection</ModuleName>
      <Classes />
    </Module>
    <Module skippedDueTo="Filter" hash="44-F2-EA-53-4A-10-67-9A-3C-77-2F-16-56-81-70-91-C7-CE-8F-06">
      <ModulePath>C:\Program Files\dotnet\shared\Microsoft.AspNetCore.App\2.1.4\Microsoft.Extensions.Configuration.dll</ModulePath>
      <ModuleTime>2018-08-14T02:26:16Z</ModuleTime>
      <ModuleName>Microsoft.Extensions.Configuration</ModuleName>
      <Classes />
    </Module>
    <Module skippedDueTo="Filter" hash="50-4D-BF-AB-D0-AE-65-7F-17-9A-6A-F7-6B-7F-FB-06-9B-42-EF-3B">
      <ModulePath>C:\Program Files\dotnet\shared\Microsoft.AspNetCore.App\2.1.4\Microsoft.Extensions.Configuration.CommandLine.dll</ModulePath>
      <ModuleTime>2018-08-14T02:26:10Z</ModuleTime>
      <ModuleName>Microsoft.Extensions.Configuration.CommandLine</ModuleName>
      <Classes />
    </Module>
    <Module skippedDueTo="Filter" hash="48-DB-9B-EA-1D-30-D9-0C-74-E3-80-79-56-B5-40-59-4D-F6-DD-8B">
      <ModulePath>C:\Program Files\dotnet\shared\Microsoft.AspNetCore.App\2.1.4\Microsoft.Extensions.Hosting.Abstractions.dll</ModulePath>
      <ModuleTime>2018-08-14T02:26:12Z</ModuleTime>
      <ModuleName>Microsoft.Extensions.Hosting.Abstractions</ModuleName>
      <Classes />
    </Module>
    <Module skippedDueTo="Filter" hash="FE-72-3C-0C-EA-3E-32-A3-33-E7-73-52-87-FE-04-3A-ED-60-46-33">
      <ModulePath>C:\Program Files\dotnet\shared\Microsoft.AspNetCore.App\2.1.4\Microsoft.Extensions.FileProviders.Abstractions.dll</ModulePath>
      <ModuleTime>2018-08-14T02:26:16Z</ModuleTime>
      <ModuleName>Microsoft.Extensions.FileProviders.Abstractions</ModuleName>
      <Classes />
    </Module>
    <Module skippedDueTo="Filter" hash="6B-9C-F2-3D-A4-7B-34-F0-CD-57-9D-4D-66-5D-CC-66-FD-A5-C1-12">
      <ModulePath>C:\Program Files\dotnet\shared\Microsoft.NETCore.App\2.1.4\System.Collections.dll</ModulePath>
      <ModuleTime>2018-08-13T17:52:02Z</ModuleTime>
      <ModuleName>System.Collections</ModuleName>
      <Classes />
    </Module>
    <Module skippedDueTo="Filter" hash="9E-F6-64-DA-1A-D7-F5-1A-91-BF-0E-7A-82-F9-11-5A-EC-04-4D-2B">
      <ModulePath>C:\Program Files\dotnet\shared\Microsoft.AspNetCore.App\2.1.4\Microsoft.Extensions.Configuration.EnvironmentVariables.dll</ModulePath>
      <ModuleTime>2018-08-14T02:26:14Z</ModuleTime>
      <ModuleName>Microsoft.Extensions.Configuration.EnvironmentVariables</ModuleName>
      <Classes />
    </Module>
    <Module skippedDueTo="Filter" hash="4F-3B-C4-27-2B-4F-09-B2-12-5C-42-2C-A0-4D-48-22-7E-5F-C0-20">
      <ModulePath>C:\Program Files\dotnet\shared\Microsoft.NETCore.App\2.1.4\System.Runtime.Extensions.dll</ModulePath>
      <ModuleTime>2018-08-13T17:52:06Z</ModuleTime>
      <ModuleName>System.Runtime.Extensions</ModuleName>
      <Classes />
    </Module>
    <Module skippedDueTo="Filter" hash="66-D2-3A-65-32-8D-24-76-40-32-91-4B-DF-E3-47-AB-B8-7F-A7-4E">
      <ModulePath>C:\Program Files\dotnet\shared\Microsoft.AspNetCore.App\2.1.4\Microsoft.Extensions.Primitives.dll</ModulePath>
      <ModuleTime>2018-08-14T02:26:18Z</ModuleTime>
      <ModuleName>Microsoft.Extensions.Primitives</ModuleName>
      <Classes />
    </Module>
    <Module skippedDueTo="Filter" hash="F6-8D-85-83-C0-44-D5-D1-A0-CE-05-93-04-4C-1B-EB-46-15-A8-95">
      <ModulePath>C:\Program Files\dotnet\shared\Microsoft.NETCore.App\2.1.4\System.Threading.Tasks.dll</ModulePath>
      <ModuleTime>2018-08-13T17:52:08Z</ModuleTime>
      <ModuleName>System.Threading.Tasks</ModuleName>
      <Classes />
    </Module>
    <Module skippedDueTo="Filter" hash="06-F7-72-EE-F5-31-8E-E0-77-F6-46-5F-98-A6-83-C4-29-04-EF-D7">
      <ModulePath>C:\Program Files\dotnet\shared\Microsoft.NETCore.App\2.1.4\System.Linq.dll</ModulePath>
      <ModuleTime>2018-08-13T17:52:04Z</ModuleTime>
      <ModuleName>System.Linq</ModuleName>
      <Classes />
    </Module>
    <Module skippedDueTo="Filter" hash="E7-80-30-F5-71-B3-8E-6B-D5-65-55-44-F1-0B-6B-05-B4-06-24-3F">
      <ModulePath>C:\Program Files\dotnet\shared\Microsoft.NETCore.App\2.1.4\System.ComponentModel.dll</ModulePath>
      <ModuleTime>2018-08-13T17:52:02Z</ModuleTime>
      <ModuleName>System.ComponentModel</ModuleName>
      <Classes />
    </Module>
    <Module skippedDueTo="Filter" hash="4E-DF-3A-27-10-2C-31-74-C5-4B-FD-56-47-98-38-8A-C5-68-65-23">
      <ModulePath>C:\Program Files\dotnet\shared\Microsoft.AspNetCore.App\2.1.4\Microsoft.Extensions.Logging.Abstractions.dll</ModulePath>
      <ModuleTime>2018-08-14T02:26:20Z</ModuleTime>
      <ModuleName>Microsoft.Extensions.Logging.Abstractions</ModuleName>
      <Classes />
    </Module>
    <Module skippedDueTo="Filter" hash="16-76-E7-F5-75-52-30-2E-6B-40-93-2F-15-67-79-CB-EC-1C-3E-4A">
      <ModulePath>C:\Program Files\dotnet\shared\Microsoft.AspNetCore.App\2.1.4\Microsoft.AspNetCore.Http.Features.dll</ModulePath>
      <ModuleTime>2018-08-14T02:26:18Z</ModuleTime>
      <ModuleName>Microsoft.AspNetCore.Http.Features</ModuleName>
      <Classes />
    </Module>
    <Module skippedDueTo="Filter" hash="E0-72-C3-C9-40-8C-19-2C-23-EA-42-9D-AD-BF-17-15-85-86-3D-7D">
      <ModulePath>C:\Program Files\dotnet\shared\Microsoft.NETCore.App\2.1.4\System.Console.dll</ModulePath>
      <ModuleTime>2018-08-13T17:52:02Z</ModuleTime>
      <ModuleName>System.Console</ModuleName>
      <Classes />
    </Module>
    <Module skippedDueTo="Filter" hash="8F-64-E9-27-FE-4B-1D-35-90-D1-35-87-B6-02-DD-44-45-1C-76-0F">
      <ModulePath>C:\Program Files\dotnet\shared\Microsoft.NETCore.App\2.1.4\System.Diagnostics.DiagnosticSource.dll</ModulePath>
      <ModuleTime>2018-08-13T17:52:02Z</ModuleTime>
      <ModuleName>System.Diagnostics.DiagnosticSource</ModuleName>
      <Classes />
    </Module>
    <Module skippedDueTo="Filter" hash="E5-74-FC-CF-51-90-ED-CA-59-88-7D-FC-B9-72-E4-95-C1-92-3D-24">
      <ModulePath>C:\Program Files\dotnet\shared\Microsoft.AspNetCore.App\2.1.4\Microsoft.Extensions.Configuration.FileExtensions.dll</ModulePath>
      <ModuleTime>2018-08-14T02:26:10Z</ModuleTime>
      <ModuleName>Microsoft.Extensions.Configuration.FileExtensions</ModuleName>
      <Classes />
    </Module>
    <Module skippedDueTo="Filter" hash="2E-7C-14-72-5A-46-DA-E1-A0-01-B2-FD-FA-B3-66-12-68-15-37-DD">
      <ModulePath>C:\Program Files\dotnet\shared\Microsoft.AspNetCore.App\2.1.4\Microsoft.AspNetCore.Http.Abstractions.dll</ModulePath>
      <ModuleTime>2018-08-14T02:26:14Z</ModuleTime>
      <ModuleName>Microsoft.AspNetCore.Http.Abstractions</ModuleName>
      <Classes />
    </Module>
    <Module skippedDueTo="Filter" hash="B6-47-FB-F0-AD-D7-A4-08-B9-B4-8C-BF-AA-DF-BF-8A-8C-B1-85-E2">
      <ModulePath>C:\Program Files\dotnet\shared\Microsoft.AspNetCore.App\2.1.4\Microsoft.AspNetCore.Http.dll</ModulePath>
      <ModuleTime>2018-08-14T02:26:14Z</ModuleTime>
      <ModuleName>Microsoft.AspNetCore.Http</ModuleName>
      <Classes />
    </Module>
    <Module skippedDueTo="Filter" hash="8E-31-D9-33-14-1C-CB-94-52-7A-49-7F-F0-48-0F-0A-81-F6-E2-98">
      <ModulePath>C:\Program Files\dotnet\shared\Microsoft.AspNetCore.App\2.1.4\Microsoft.Extensions.Options.dll</ModulePath>
      <ModuleTime>2018-08-14T02:26:12Z</ModuleTime>
      <ModuleName>Microsoft.Extensions.Options</ModuleName>
      <Classes />
    </Module>
    <Module skippedDueTo="Filter" hash="E5-32-28-FE-FC-1E-93-52-08-14-E9-1D-11-A6-73-F9-4B-BB-38-27">
      <ModulePath>C:\Program Files\dotnet\shared\Microsoft.AspNetCore.App\2.1.4\Microsoft.Extensions.ObjectPool.dll</ModulePath>
      <ModuleTime>2018-08-14T02:26:14Z</ModuleTime>
      <ModuleName>Microsoft.Extensions.ObjectPool</ModuleName>
      <Classes />
    </Module>
    <Module skippedDueTo="Filter" hash="E6-D6-F6-13-B1-93-96-88-D0-79-05-BD-BE-09-95-8E-CD-69-A2-DB">
      <ModulePath>C:\Program Files\dotnet\shared\Microsoft.AspNetCore.App\2.1.4\Microsoft.AspNetCore.Mvc.Core.dll</ModulePath>
      <ModuleTime>2018-08-14T02:26:14Z</ModuleTime>
      <ModuleName>Microsoft.AspNetCore.Mvc.Core</ModuleName>
      <Classes />
    </Module>
    <Module skippedDueTo="Filter" hash="15-22-B8-56-89-B8-A4-97-09-68-03-7F-FA-07-AC-87-FA-1B-70-AD">
      <ModulePath>C:\Program Files\dotnet\shared\Microsoft.AspNetCore.App\2.1.4\Microsoft.AspNetCore.Razor.Runtime.dll</ModulePath>
      <ModuleTime>2018-08-14T02:26:20Z</ModuleTime>
      <ModuleName>Microsoft.AspNetCore.Razor.Runtime</ModuleName>
      <Classes />
    </Module>
    <Module skippedDueTo="Filter" hash="7F-FB-81-39-FC-B7-D6-B0-6E-E7-F1-D1-B8-35-3B-0B-C1-31-4B-F1">
      <ModulePath>C:\Program Files\dotnet\shared\Microsoft.NETCore.App\2.1.4\System.Resources.ResourceManager.dll</ModulePath>
      <ModuleTime>2018-08-13T17:52:06Z</ModuleTime>
      <ModuleName>System.Resources.ResourceManager</ModuleName>
      <Classes />
    </Module>
    <Module skippedDueTo="Filter" hash="B5-93-75-6E-E0-CD-0F-8E-DD-4D-25-D0-59-8B-E3-94-3D-2E-B4-AA">
      <ModulePath>C:\Program Files\dotnet\shared\Microsoft.AspNetCore.App\2.1.4\Microsoft.Extensions.FileProviders.Physical.dll</ModulePath>
      <ModuleTime>2018-08-14T02:26:16Z</ModuleTime>
      <ModuleName>Microsoft.Extensions.FileProviders.Physical</ModuleName>
      <Classes />
    </Module>
    <Module skippedDueTo="Filter" hash="E3-4C-E2-08-88-26-02-19-7D-F4-60-11-C0-9E-F7-BA-6B-29-42-D0">
      <ModulePath>C:\Program Files\dotnet\shared\Microsoft.NETCore.App\2.1.4\System.Runtime.InteropServices.dll</ModulePath>
      <ModuleTime>2018-08-13T17:52:08Z</ModuleTime>
      <ModuleName>System.Runtime.InteropServices</ModuleName>
      <Classes />
    </Module>
    <Module skippedDueTo="Filter" hash="71-F0-AD-89-75-94-D3-21-F0-EC-73-72-BC-92-C7-A5-06-90-04-40">
      <ModulePath>C:\Program Files\dotnet\shared\Microsoft.NETCore.App\2.1.4\System.IO.FileSystem.Watcher.dll</ModulePath>
      <ModuleTime>2018-08-13T17:52:04Z</ModuleTime>
      <ModuleName>System.IO.FileSystem.Watcher</ModuleName>
      <Classes />
    </Module>
    <Module skippedDueTo="Filter" hash="F5-5D-7A-B2-FA-56-6B-68-B5-D0-C2-3E-2E-05-CC-7E-75-90-A0-63">
      <ModulePath>C:\Program Files\dotnet\shared\Microsoft.NETCore.App\2.1.4\System.ComponentModel.Primitives.dll</ModulePath>
      <ModuleTime>2018-08-13T17:52:02Z</ModuleTime>
      <ModuleName>System.ComponentModel.Primitives</ModuleName>
      <Classes />
    </Module>
    <Module skippedDueTo="Filter" hash="0E-93-48-E7-BA-9F-E3-6C-49-53-F6-C6-4D-5A-10-7B-C2-CA-AE-35">
      <ModulePath>C:\Program Files\dotnet\shared\Microsoft.NETCore.App\2.1.4\System.Collections.Concurrent.dll</ModulePath>
      <ModuleTime>2018-08-13T17:52:02Z</ModuleTime>
      <ModuleName>System.Collections.Concurrent</ModuleName>
      <Classes />
    </Module>
    <Module skippedDueTo="Filter" hash="96-C1-91-67-D0-2E-72-3C-E7-C2-25-78-0E-12-4A-AE-85-3C-85-11">
      <ModulePath>C:\Program Files\dotnet\shared\Microsoft.AspNetCore.App\2.1.4\Microsoft.Extensions.FileSystemGlobbing.dll</ModulePath>
      <ModuleTime>2018-08-14T02:26:14Z</ModuleTime>
      <ModuleName>Microsoft.Extensions.FileSystemGlobbing</ModuleName>
      <Classes />
    </Module>
    <Module skippedDueTo="Filter" hash="1C-55-57-18-6B-0E-34-09-34-22-C0-E5-D9-BF-91-FF-39-ED-0B-E5">
      <ModulePath>C:\Program Files\dotnet\shared\Microsoft.AspNetCore.App\2.1.4\Microsoft.Extensions.Configuration.Json.dll</ModulePath>
      <ModuleTime>2018-08-14T02:26:20Z</ModuleTime>
      <ModuleName>Microsoft.Extensions.Configuration.Json</ModuleName>
      <Classes />
    </Module>
    <Module skippedDueTo="Filter" hash="0E-D6-89-A9-E0-12-B1-89-8E-AD-C7-BA-23-9E-1C-09-CF-02-0E-EA">
      <ModulePath>C:\Program Files\dotnet\shared\Microsoft.AspNetCore.App\2.1.4\Microsoft.Extensions.Configuration.UserSecrets.dll</ModulePath>
      <ModuleTime>2018-08-14T02:26:10Z</ModuleTime>
      <ModuleName>Microsoft.Extensions.Configuration.UserSecrets</ModuleName>
      <Classes />
    </Module>
    <Module skippedDueTo="Filter" hash="CD-24-AD-3E-27-6B-E0-B2-4B-4D-A8-58-5F-4C-53-FA-BD-2C-FD-69">
      <ModulePath>C:\Program Files\dotnet\shared\Microsoft.NETCore.App\2.1.4\System.Threading.dll</ModulePath>
      <ModuleTime>2018-08-13T17:52:08Z</ModuleTime>
      <ModuleName>System.Threading</ModuleName>
      <Classes />
    </Module>
    <Module skippedDueTo="Filter" hash="86-B1-BB-74-9E-B8-86-AC-75-A0-AB-A8-7F-1D-AF-8E-60-BA-EE-95">
      <ModulePath>C:\Program Files\dotnet\shared\Microsoft.NETCore.App\2.1.4\System.Diagnostics.Tracing.dll</ModulePath>
      <ModuleTime>2018-08-13T17:52:02Z</ModuleTime>
      <ModuleName>System.Diagnostics.Tracing</ModuleName>
      <Classes />
    </Module>
    <Module skippedDueTo="Filter" hash="8B-88-81-6E-31-08-35-2B-54-5D-08-93-06-68-4E-6B-A8-57-55-E3">
      <ModulePath>C:\Program Files\dotnet\shared\Microsoft.NETCore.App\2.1.4\System.Threading.Overlapped.dll</ModulePath>
      <ModuleTime>2018-08-13T17:52:08Z</ModuleTime>
      <ModuleName>System.Threading.Overlapped</ModuleName>
      <Classes />
    </Module>
    <Module skippedDueTo="Filter" hash="F9-97-65-2B-9C-62-35-4F-83-37-8B-6F-2F-35-7C-36-07-CC-98-CD">
      <ModulePath>C:\Program Files\dotnet\shared\Microsoft.NETCore.App\2.1.4\Microsoft.Win32.Primitives.dll</ModulePath>
      <ModuleTime>2018-08-13T17:52:00Z</ModuleTime>
      <ModuleName>Microsoft.Win32.Primitives</ModuleName>
      <Classes />
    </Module>
    <Module skippedDueTo="Filter" hash="2D-2C-69-AD-9B-26-CE-98-53-7A-F3-7B-55-C2-14-5D-0F-10-B0-93">
      <ModulePath>C:\Program Files\dotnet\shared\Microsoft.AspNetCore.App\2.1.4\Newtonsoft.Json.dll</ModulePath>
      <ModuleTime>2018-08-14T02:13:52Z</ModuleTime>
      <ModuleName>Newtonsoft.Json</ModuleName>
      <Classes />
    </Module>
    <Module skippedDueTo="Filter" hash="D3-AA-1D-B1-D0-AC-5A-12-F7-3F-63-45-CC-04-95-14-F8-70-92-78">
      <ModulePath>C:\Program Files\dotnet\shared\Microsoft.NETCore.App\2.1.4\System.Linq.Expressions.dll</ModulePath>
      <ModuleTime>2018-08-13T17:52:04Z</ModuleTime>
      <ModuleName>System.Linq.Expressions</ModuleName>
      <Classes />
    </Module>
    <Module skippedDueTo="Filter" hash="CD-FC-CA-BF-1E-7E-69-39-02-B8-F7-FE-BA-AC-32-DF-93-10-08-90">
      <ModulePath>C:\Program Files\dotnet\shared\Microsoft.NETCore.App\2.1.4\System.ComponentModel.TypeConverter.dll</ModulePath>
      <ModuleTime>2018-08-13T17:52:02Z</ModuleTime>
      <ModuleName>System.ComponentModel.TypeConverter</ModuleName>
      <Classes />
    </Module>
    <Module skippedDueTo="Filter" hash="D2-5C-46-E3-4E-6B-DA-45-95-CA-B2-9A-57-0E-44-D0-C6-11-6D-B4">
      <ModulePath>C:\Program Files\dotnet\shared\Microsoft.NETCore.App\2.1.4\System.ObjectModel.dll</ModulePath>
      <ModuleTime>2018-08-13T17:52:06Z</ModuleTime>
      <ModuleName>System.ObjectModel</ModuleName>
      <Classes />
    </Module>
    <Module skippedDueTo="Filter" hash="2E-BD-3C-8E-45-1E-BC-F4-C1-47-3F-85-CC-EC-4F-3D-28-DE-55-64">
      <ModulePath>C:\Program Files\dotnet\shared\Microsoft.NETCore.App\2.1.4\System.Runtime.Numerics.dll</ModulePath>
      <ModuleTime>2018-08-13T17:52:08Z</ModuleTime>
      <ModuleName>System.Runtime.Numerics</ModuleName>
      <Classes />
    </Module>
    <Module skippedDueTo="Filter" hash="36-51-98-6C-7F-AF-15-27-12-4F-0C-A2-11-40-26-56-52-F8-41-60">
      <ModulePath>C:\Program Files\dotnet\shared\Microsoft.NETCore.App\2.1.4\System.Private.Uri.dll</ModulePath>
      <ModuleTime>2018-08-13T17:52:06Z</ModuleTime>
      <ModuleName>System.Private.Uri</ModuleName>
      <Classes />
    </Module>
    <Module skippedDueTo="Filter" hash="84-A8-52-35-39-9E-82-CC-7E-C0-73-FC-6A-DC-57-24-49-FF-85-46">
      <ModulePath>C:\Program Files\dotnet\shared\Microsoft.AspNetCore.App\2.1.4\Microsoft.AspNetCore.Server.Kestrel.Transport.Sockets.dll</ModulePath>
      <ModuleTime>2018-08-14T02:26:20Z</ModuleTime>
      <ModuleName>Microsoft.AspNetCore.Server.Kestrel.Transport.Sockets</ModuleName>
      <Classes />
    </Module>
    <Module skippedDueTo="Filter" hash="BE-59-96-EE-46-2A-9A-7D-B1-96-71-EB-CE-C3-07-DD-FD-DF-CF-99">
      <ModulePath>C:\Program Files\dotnet\shared\Microsoft.AspNetCore.App\2.1.4\Microsoft.AspNetCore.Hosting.Server.Abstractions.dll</ModulePath>
      <ModuleTime>2018-08-14T02:26:20Z</ModuleTime>
      <ModuleName>Microsoft.AspNetCore.Hosting.Server.Abstractions</ModuleName>
      <Classes />
    </Module>
    <Module skippedDueTo="Filter" hash="69-81-38-43-9E-CB-64-AC-6A-4A-60-A7-99-12-36-BA-3A-F5-CC-C0">
      <ModulePath>C:\Program Files\dotnet\shared\Microsoft.AspNetCore.App\2.1.4\Microsoft.Extensions.Logging.Configuration.dll</ModulePath>
      <ModuleTime>2018-08-14T02:26:10Z</ModuleTime>
      <ModuleName>Microsoft.Extensions.Logging.Configuration</ModuleName>
      <Classes />
    </Module>
    <Module skippedDueTo="Filter" hash="D2-BC-22-87-60-7A-49-5E-80-E1-84-65-6D-00-BC-FE-EA-03-BF-68">
      <ModulePath>C:\Program Files\dotnet\shared\Microsoft.AspNetCore.App\2.1.4\Microsoft.Extensions.Logging.Console.dll</ModulePath>
      <ModuleTime>2018-08-14T02:26:12Z</ModuleTime>
      <ModuleName>Microsoft.Extensions.Logging.Console</ModuleName>
      <Classes />
    </Module>
    <Module skippedDueTo="Filter" hash="9F-7B-81-D4-62-CE-75-F3-14-2B-14-FE-E1-A6-AD-DF-ED-C8-BD-1C">
      <ModulePath>C:\Program Files\dotnet\shared\Microsoft.AspNetCore.App\2.1.4\Microsoft.Extensions.Logging.Debug.dll</ModulePath>
      <ModuleTime>2018-08-14T02:26:20Z</ModuleTime>
      <ModuleName>Microsoft.Extensions.Logging.Debug</ModuleName>
      <Classes />
    </Module>
    <Module skippedDueTo="Filter" hash="5C-BF-64-0B-3A-CB-84-A5-E7-EE-83-0C-3A-DA-8B-AF-CF-89-6A-29">
      <ModulePath>C:\Program Files\dotnet\shared\Microsoft.AspNetCore.App\2.1.4\Microsoft.Extensions.Options.ConfigurationExtensions.dll</ModulePath>
      <ModuleTime>2018-08-14T02:26:12Z</ModuleTime>
      <ModuleName>Microsoft.Extensions.Options.ConfigurationExtensions</ModuleName>
      <Classes />
    </Module>
    <Module skippedDueTo="Filter" hash="8D-65-EC-14-75-3F-A4-C3-23-9E-CA-51-08-B7-01-28-DC-51-6A-8C">
      <ModulePath>C:\Program Files\dotnet\shared\Microsoft.AspNetCore.App\2.1.4\Microsoft.AspNetCore.HostFiltering.dll</ModulePath>
      <ModuleTime>2018-08-14T02:26:18Z</ModuleTime>
      <ModuleName>Microsoft.AspNetCore.HostFiltering</ModuleName>
      <Classes />
    </Module>
    <Module skippedDueTo="Filter" hash="BD-53-65-A0-31-5A-49-A8-8E-D2-D7-55-A9-D9-FF-BC-A2-BA-B8-2C">
      <ModulePath>C:\Program Files\dotnet\shared\Microsoft.AspNetCore.App\2.1.4\Microsoft.AspNetCore.HttpOverrides.dll</ModulePath>
      <ModuleTime>2018-08-14T02:26:20Z</ModuleTime>
      <ModuleName>Microsoft.AspNetCore.HttpOverrides</ModuleName>
      <Classes />
    </Module>
    <Module skippedDueTo="Filter" hash="6F-A6-33-5A-63-F6-54-D7-F7-4F-89-71-38-16-0C-3B-0F-12-8E-44">
      <ModulePath>C:\Program Files\dotnet\shared\Microsoft.AspNetCore.App\2.1.4\Microsoft.AspNetCore.Authentication.Core.dll</ModulePath>
      <ModuleTime>2018-08-14T02:26:12Z</ModuleTime>
      <ModuleName>Microsoft.AspNetCore.Authentication.Core</ModuleName>
      <Classes />
    </Module>
    <Module skippedDueTo="Filter" hash="60-42-49-C6-51-31-AF-55-60-7B-3C-38-7B-BA-3C-EC-21-59-B9-E9">
      <ModulePath>C:\Program Files\dotnet\shared\Microsoft.AspNetCore.App\2.1.4\Microsoft.AspNetCore.Authentication.Abstractions.dll</ModulePath>
      <ModuleTime>2018-08-14T02:26:18Z</ModuleTime>
      <ModuleName>Microsoft.AspNetCore.Authentication.Abstractions</ModuleName>
      <Classes />
    </Module>
    <Module skippedDueTo="Filter" hash="3E-1E-E7-1D-E0-F9-62-38-7D-D2-4F-BB-61-44-9D-7B-2A-A4-39-49">
      <ModulePath>C:\Program Files\dotnet\shared\Microsoft.NETCore.App\2.1.4\System.Security.Claims.dll</ModulePath>
      <ModuleTime>2018-08-13T17:52:08Z</ModuleTime>
      <ModuleName>System.Security.Claims</ModuleName>
      <Classes />
    </Module>
    <Module skippedDueTo="Filter" hash="CD-3B-6E-3D-E5-27-AC-18-69-26-B3-DC-3B-0C-98-65-B8-E0-30-2E">
      <ModulePath>C:\Program Files\dotnet\shared\Microsoft.NETCore.App\2.1.4\System.Threading.Thread.dll</ModulePath>
      <ModuleTime>2018-08-13T17:52:08Z</ModuleTime>
      <ModuleName>System.Threading.Thread</ModuleName>
      <Classes />
    </Module>
    <Module skippedDueTo="Filter" hash="47-79-AE-21-26-D2-D0-89-41-35-BA-6C-DD-AC-C4-3E-86-65-EE-CC">
      <ModulePath>C:\Program Files\dotnet\shared\Microsoft.AspNetCore.App\2.1.4\Microsoft.Extensions.Configuration.Binder.dll</ModulePath>
      <ModuleTime>2018-08-14T02:26:14Z</ModuleTime>
      <ModuleName>Microsoft.Extensions.Configuration.Binder</ModuleName>
      <Classes />
    </Module>
    <Module skippedDueTo="Filter" hash="D5-AA-D5-C7-0C-0A-C7-1F-15-5C-7F-E5-75-20-F4-62-1A-5C-9B-A3">
      <ModulePath>C:\Program Files\dotnet\shared\Microsoft.NETCore.App\2.1.4\System.Runtime.InteropServices.RuntimeInformation.dll</ModulePath>
      <ModuleTime>2018-08-13T17:52:06Z</ModuleTime>
      <ModuleName>System.Runtime.InteropServices.RuntimeInformation</ModuleName>
      <Classes />
    </Module>
    <Module skippedDueTo="Filter" hash="B7-76-46-A5-A0-82-41-07-03-FD-99-A2-1E-28-EA-2F-68-27-AD-BB">
      <ModulePath>C:\Program Files\dotnet\shared\Microsoft.AspNetCore.App\2.1.4\Microsoft.AspNetCore.CookiePolicy.dll</ModulePath>
      <ModuleTime>2018-08-14T02:26:14Z</ModuleTime>
      <ModuleName>Microsoft.AspNetCore.CookiePolicy</ModuleName>
      <Classes />
    </Module>
    <Module skippedDueTo="Filter" hash="B8-95-B7-F8-12-64-CA-91-D4-9C-CA-8B-B2-E8-8B-68-B0-F3-B2-B7">
      <ModulePath>C:\Program Files\dotnet\shared\Microsoft.AspNetCore.App\2.1.4\Microsoft.AspNetCore.Mvc.dll</ModulePath>
      <ModuleTime>2018-08-14T02:26:14Z</ModuleTime>
      <ModuleName>Microsoft.AspNetCore.Mvc</ModuleName>
      <Classes />
    </Module>
    <Module skippedDueTo="Filter" hash="5B-ED-DB-C7-BA-9A-79-3E-E0-39-2A-3D-93-B5-13-03-92-8B-5D-A9">
      <ModulePath>C:\Program Files\dotnet\shared\Microsoft.AspNetCore.App\2.1.4\Microsoft.AspNetCore.Mvc.ApiExplorer.dll</ModulePath>
      <ModuleTime>2018-08-14T02:26:20Z</ModuleTime>
      <ModuleName>Microsoft.AspNetCore.Mvc.ApiExplorer</ModuleName>
      <Classes />
    </Module>
    <Module skippedDueTo="Filter" hash="18-4C-5C-4B-BC-B6-4C-E5-A4-64-FB-BE-A2-C7-ED-E3-97-69-F3-F0">
      <ModulePath>C:\Program Files\dotnet\shared\Microsoft.AspNetCore.App\2.1.4\Microsoft.AspNetCore.Mvc.ViewFeatures.dll</ModulePath>
      <ModuleTime>2018-08-14T02:26:18Z</ModuleTime>
      <ModuleName>Microsoft.AspNetCore.Mvc.ViewFeatures</ModuleName>
      <Classes />
    </Module>
    <Module skippedDueTo="Filter" hash="FD-C2-B8-3B-D7-22-21-67-F7-D0-10-E2-81-38-A1-68-8D-ED-20-98">
      <ModulePath>C:\Program Files\dotnet\shared\Microsoft.AspNetCore.App\2.1.4\Microsoft.AspNetCore.Mvc.Razor.dll</ModulePath>
      <ModuleTime>2018-08-14T02:26:12Z</ModuleTime>
      <ModuleName>Microsoft.AspNetCore.Mvc.Razor</ModuleName>
      <Classes />
    </Module>
    <Module skippedDueTo="Filter" hash="9A-7E-D1-D3-07-3D-D9-77-8E-FE-2B-45-17-56-57-03-E4-52-08-E5">
      <ModulePath>C:\Program Files\dotnet\shared\Microsoft.AspNetCore.App\2.1.4\Microsoft.AspNetCore.Razor.dll</ModulePath>
      <ModuleTime>2018-08-14T02:26:12Z</ModuleTime>
      <ModuleName>Microsoft.AspNetCore.Razor</ModuleName>
      <Classes />
    </Module>
    <Module skippedDueTo="Filter" hash="49-14-3D-5E-AD-42-E6-16-40-BE-E3-17-60-33-06-74-D1-78-DE-54">
      <ModulePath>C:\Program Files\dotnet\shared\Microsoft.AspNetCore.App\2.1.4\Microsoft.AspNetCore.Mvc.RazorPages.dll</ModulePath>
      <ModuleTime>2018-08-14T02:26:10Z</ModuleTime>
      <ModuleName>Microsoft.AspNetCore.Mvc.RazorPages</ModuleName>
      <Classes />
    </Module>
    <Module skippedDueTo="Filter" hash="E1-B0-BD-99-8C-48-D5-BD-71-9A-69-BE-FC-68-FF-39-BD-C8-8F-05">
      <ModulePath>C:\Program Files\dotnet\shared\Microsoft.AspNetCore.App\2.1.4\Microsoft.AspNetCore.Mvc.TagHelpers.dll</ModulePath>
      <ModuleTime>2018-08-14T02:26:14Z</ModuleTime>
      <ModuleName>Microsoft.AspNetCore.Mvc.TagHelpers</ModuleName>
      <Classes />
    </Module>
    <Module skippedDueTo="Filter" hash="D6-B2-1D-1C-90-1F-1F-9D-0A-C3-D7-11-9C-C8-7F-F7-0B-E4-0C-83">
      <ModulePath>C:\Program Files\dotnet\shared\Microsoft.AspNetCore.App\2.1.4\Microsoft.AspNetCore.Mvc.DataAnnotations.dll</ModulePath>
      <ModuleTime>2018-08-14T02:26:10Z</ModuleTime>
      <ModuleName>Microsoft.AspNetCore.Mvc.DataAnnotations</ModuleName>
      <Classes />
    </Module>
    <Module skippedDueTo="Filter" hash="8E-9B-2B-1B-F4-22-DA-32-2F-00-26-0E-70-9E-D6-75-88-08-B3-BA">
      <ModulePath>C:\Program Files\dotnet\shared\Microsoft.AspNetCore.App\2.1.4\Microsoft.AspNetCore.Mvc.Formatters.Json.dll</ModulePath>
      <ModuleTime>2018-08-14T02:26:18Z</ModuleTime>
      <ModuleName>Microsoft.AspNetCore.Mvc.Formatters.Json</ModuleName>
      <Classes />
    </Module>
    <Module skippedDueTo="Filter" hash="53-34-DC-8C-BE-BA-F8-85-78-64-4C-55-2D-6F-64-69-24-27-07-9C">
      <ModulePath>C:\Program Files\dotnet\shared\Microsoft.AspNetCore.App\2.1.4\Microsoft.AspNetCore.Mvc.Cors.dll</ModulePath>
      <ModuleTime>2018-08-14T02:26:18Z</ModuleTime>
      <ModuleName>Microsoft.AspNetCore.Mvc.Cors</ModuleName>
      <Classes />
    </Module>
    <Module skippedDueTo="Filter" hash="16-1D-22-02-31-C2-AA-9A-82-C6-8D-D8-15-21-04-A4-70-C7-66-83">
      <ModulePath>C:\Program Files\dotnet\shared\Microsoft.AspNetCore.App\2.1.4\Microsoft.Extensions.DependencyModel.dll</ModulePath>
      <ModuleTime>2018-08-14T02:26:10Z</ModuleTime>
      <ModuleName>Microsoft.Extensions.DependencyModel</ModuleName>
      <Classes />
    </Module>
    <Module skippedDueTo="Filter" hash="91-81-5D-61-20-A6-23-12-7B-8F-AE-2A-51-CD-32-E9-37-38-57-8C">
      <ModulePath>C:\Program Files\dotnet\shared\Microsoft.NETCore.App\2.1.4\System.Reflection.dll</ModulePath>
      <ModuleTime>2018-08-13T17:52:06Z</ModuleTime>
      <ModuleName>System.Reflection</ModuleName>
      <Classes />
    </Module>
    <Module skippedDueTo="Filter" hash="60-E6-84-C1-96-D5-F1-87-17-11-8F-3C-89-0E-8F-BE-6B-CD-E0-68">
      <ModulePath>C:\Program Files\dotnet\shared\Microsoft.NETCore.App\2.1.4\System.AppContext.dll</ModulePath>
      <ModuleTime>2018-08-13T17:52:02Z</ModuleTime>
      <ModuleName>System.AppContext</ModuleName>
      <Classes />
    </Module>
    <Module skippedDueTo="Filter" hash="A5-26-51-59-8E-75-6F-71-44-5D-7D-06-EF-F4-23-40-22-DF-0A-78">
      <ModulePath>C:\Program Files\dotnet\shared\Microsoft.NETCore.App\2.1.4\System.IO.FileSystem.Primitives.dll</ModulePath>
      <ModuleTime>2018-08-13T17:52:04Z</ModuleTime>
      <ModuleName>System.IO.FileSystem.Primitives</ModuleName>
      <Classes />
    </Module>
    <Module skippedDueTo="Filter" hash="13-42-55-AB-80-99-62-38-36-4A-D9-DC-54-88-AE-FE-D6-23-74-68">
      <ModulePath>C:\Program Files\dotnet\shared\Microsoft.NETCore.App\2.1.4\System.IO.dll</ModulePath>
      <ModuleTime>2018-08-13T17:52:04Z</ModuleTime>
      <ModuleName>System.IO</ModuleName>
      <Classes />
    </Module>
    <Module hash="68-E4-87-29-00-B0-91-27-6D-BE-C0-D1-65-6C-E4-83-98-B1-72-7B">
      <Summary numSequencePoints="44" visitedSequencePoints="27" numBranchPoints="59" visitedBranchPoints="30" sequenceCoverage="61.36" branchCoverage="50.85" maxCyclomaticComplexity="62" minCyclomaticComplexity="1" visitedClasses="10" numClasses="15" visitedMethods="10" numMethods="15" />
      <ModulePath>C:\Users\mahas\Repositories\Personal\SeleniumMeetup\WhiteBoxTesting\TargetApplication\bin\Debug\netcoreapp2.1\TargetApplication.Views.dll</ModulePath>
      <ModuleTime>2018-09-19T22:56:01.5789352Z</ModuleTime>
      <ModuleName>TargetApplication.Views</ModuleName>
      <Files>
        <File uid="11" fullPath="C:\Users\mahas\Repositories\Personal\SeleniumMeetup\WhiteBoxTesting\TargetApplication\Views\Home\About.cshtml" />
        <File uid="12" fullPath="C:\Users\mahas\Repositories\Personal\SeleniumMeetup\WhiteBoxTesting\TargetApplication\Views\Home\Contact.cshtml" />
        <File uid="13" fullPath="C:\Users\mahas\Repositories\Personal\SeleniumMeetup\WhiteBoxTesting\TargetApplication\Views\Home\Index.cshtml" />
        <File uid="16" fullPath="C:\Users\mahas\Repositories\Personal\SeleniumMeetup\WhiteBoxTesting\TargetApplication\Views\Home\Privacy.cshtml" />
        <File uid="17" fullPath="C:\Users\mahas\Repositories\Personal\SeleniumMeetup\WhiteBoxTesting\TargetApplication\Views\Home\Result.cshtml" />
        <File uid="18" fullPath="C:\Users\mahas\Repositories\Personal\SeleniumMeetup\WhiteBoxTesting\TargetApplication\Views\Shared\Error.cshtml" />
        <File uid="19" fullPath="C:\Users\mahas\Repositories\Personal\SeleniumMeetup\WhiteBoxTesting\TargetApplication\Views\Shared\_CookieConsentPartial.cshtml" />
        <File uid="20" fullPath="C:\Users\mahas\Repositories\Personal\SeleniumMeetup\WhiteBoxTesting\TargetApplication\Views\Shared\_Layout.cshtml" />
        <File uid="25" fullPath="C:\Users\mahas\Repositories\Personal\SeleniumMeetup\WhiteBoxTesting\TargetApplication\Views\_ViewStart.cshtml" />
      </Files>
      <Classes>
        <Class>
          <Summary numSequencePoints="0" visitedSequencePoints="0" numBranchPoints="0" visitedBranchPoints="0" sequenceCoverage="0" branchCoverage="0" maxCyclomaticComplexity="0" minCyclomaticComplexity="0" visitedClasses="0" numClasses="0" visitedMethods="0" numMethods="0" />
          <FullName>&lt;Module&gt;</FullName>
          <Methods />
        </Class>
        <Class>
          <Summary numSequencePoints="0" visitedSequencePoints="0" numBranchPoints="0" visitedBranchPoints="0" sequenceCoverage="0" branchCoverage="0" maxCyclomaticComplexity="1" minCyclomaticComplexity="1" visitedClasses="0" numClasses="0" visitedMethods="0" numMethods="0" />
          <FullName>AspNetCore.Views_Home_About</FullName>
          <Methods>
            <Method visited="false" cyclomaticComplexity="1" nPathComplexity="0" sequenceCoverage="0" branchCoverage="0" isConstructor="false" isStatic="false" isGetter="true" isSetter="false">
[...]
      <ModuleTime>2018-08-14T02:26:12Z</ModuleTime>
      <ModuleName>System.Runtime.CompilerServices.Unsafe</ModuleName>
      <Classes />
    </Module>
    <Module skippedDueTo="Filter" hash="9F-9C-54-18-49-2F-E1-CE-76-92-D5-F6-43-77-10-E6-90-6A-EA-5B">
      <ModulePath>C:\Program Files\dotnet\shared\Microsoft.NETCore.App\2.1.4\Microsoft.Win32.Registry.dll</ModulePath>
      <ModuleTime>2018-08-13T17:52:00Z</ModuleTime>
      <ModuleName>Microsoft.Win32.Registry</ModuleName>
      <Classes />
    </Module>
    <Module skippedDueTo="Filter" hash="83-B1-69-D3-08-9D-97-7E-F5-D7-67-50-14-1B-B4-C7-DD-F1-BC-0C">
      <ModulePath>C:\Program Files\dotnet\shared\Microsoft.NETCore.App\2.1.4\System.Memory.dll</ModulePath>
      <ModuleTime>2018-08-13T17:52:04Z</ModuleTime>
      <ModuleName>System.Memory</ModuleName>
      <Classes />
    </Module>
    <Module skippedDueTo="Filter" hash="43-7D-F3-12-A0-E8-D6-15-73-38-F6-F8-36-B4-B8-1D-85-B7-2F-CD">
      <ModulePath>C:\Program Files\dotnet\shared\Microsoft.NETCore.App\2.1.4\System.Xml.XDocument.dll</ModulePath>
      <ModuleTime>2018-08-13T17:52:08Z</ModuleTime>
      <ModuleName>System.Xml.XDocument</ModuleName>
      <Classes />
    </Module>
    <Module skippedDueTo="Filter" hash="26-C9-3E-E8-3B-53-38-87-FB-5E-19-76-2C-C2-01-B1-FC-F8-CA-73">
      <ModulePath>C:\Program Files\dotnet\shared\Microsoft.NETCore.App\2.1.4\System.Private.Xml.Linq.dll</ModulePath>
      <ModuleTime>2018-08-13T17:52:06Z</ModuleTime>
      <ModuleName>System.Private.Xml.Linq</ModuleName>
      <Classes />
    </Module>
    <Module skippedDueTo="Filter" hash="10-EB-DE-5D-62-68-1F-82-8E-0A-AE-A3-A5-B9-69-7E-94-CB-59-C1">
      <ModulePath>C:\Program Files\dotnet\shared\Microsoft.NETCore.App\2.1.4\System.Private.Xml.dll</ModulePath>
      <ModuleTime>2018-08-13T17:52:06Z</ModuleTime>
      <ModuleName>System.Private.Xml</ModuleName>
      <Classes />
    </Module>
    <Module skippedDueTo="Filter" hash="C7-73-EA-BF-21-79-2B-AA-36-96-FD-F7-9A-D6-4F-B2-D3-18-80-FA">
      <ModulePath>C:\Program Files\dotnet\shared\Microsoft.NETCore.App\2.1.4\System.Security.Cryptography.Algorithms.dll</ModulePath>
      <ModuleTime>2018-08-13T17:52:08Z</ModuleTime>
      <ModuleName>System.Security.Cryptography.Algorithms</ModuleName>
      <Classes />
    </Module>
    <Module skippedDueTo="Filter" hash="4A-71-08-18-E1-89-15-BC-F6-E4-94-44-93-E7-EA-87-07-75-AA-69">
      <ModulePath>C:\Program Files\dotnet\shared\Microsoft.NETCore.App\2.1.4\System.Text.Encoding.Extensions.dll</ModulePath>
      <ModuleTime>2018-08-13T17:52:08Z</ModuleTime>
      <ModuleName>System.Text.Encoding.Extensions</ModuleName>
      <Classes />
    </Module>
    <Module skippedDueTo="Filter" hash="B6-25-6A-1C-E4-57-B8-82-39-55-AB-F6-DC-DC-F1-23-24-26-E9-36">
      <ModulePath>C:\Program Files\dotnet\shared\Microsoft.NETCore.App\2.1.4\System.Text.RegularExpressions.dll</ModulePath>
      <ModuleTime>2018-08-13T17:52:08Z</ModuleTime>
      <ModuleName>System.Text.RegularExpressions</ModuleName>
      <Classes />
    </Module>
    <Module skippedDueTo="Filter" hash="BD-87-6C-31-0C-02-C6-7B-C7-00-1D-FB-21-2F-57-AF-0F-67-20-91">
      <ModulePath>C:\Program Files\dotnet\shared\Microsoft.NETCore.App\2.1.4\System.Reflection.Emit.ILGeneration.dll</ModulePath>
      <ModuleTime>2018-08-13T17:52:06Z</ModuleTime>
      <ModuleName>System.Reflection.Emit.ILGeneration</ModuleName>
      <Classes />
    </Module>
    <Module skippedDueTo="Filter" hash="57-50-2D-73-83-71-94-8E-5C-88-4E-7A-B8-1D-07-A4-4B-B4-A4-8D">
      <ModulePath>C:\Program Files\dotnet\shared\Microsoft.NETCore.App\2.1.4\System.Reflection.Emit.Lightweight.dll</ModulePath>
      <ModuleTime>2018-08-13T17:52:06Z</ModuleTime>
      <ModuleName>System.Reflection.Emit.Lightweight</ModuleName>
      <Classes />
    </Module>
    <Module skippedDueTo="Filter" hash="A0-01-F8-53-B1-DA-96-B8-57-12-70-6C-CB-A3-EB-5E-62-EE-68-B4">
      <ModulePath>C:\Program Files\dotnet\shared\Microsoft.NETCore.App\2.1.4\System.Reflection.Primitives.dll</ModulePath>
      <ModuleTime>2018-08-13T17:52:06Z</ModuleTime>
      <ModuleName>System.Reflection.Primitives</ModuleName>
      <Classes />
    </Module>
    <Module skippedDueTo="Filter" hash="EF-CC-36-2D-67-CD-72-B6-40-E2-2C-E0-F4-E0-50-A0-08-17-8D-86">
      <ModulePath>C:\Program Files\dotnet\shared\Microsoft.AspNetCore.App\2.1.4\Microsoft.AspNetCore.Diagnostics.dll</ModulePath>
      <ModuleTime>2018-08-14T02:26:18Z</ModuleTime>
      <ModuleName>Microsoft.AspNetCore.Diagnostics</ModuleName>
      <Classes />
    </Module>
    <Module skippedDueTo="Filter" hash="1C-36-6D-2C-EF-3F-1F-C4-0B-E6-2F-94-EA-26-7C-86-9D-D1-D9-62">
      <ModulePath>C:\Program Files\dotnet\shared\Microsoft.AspNetCore.App\2.1.4\Microsoft.AspNetCore.HttpsPolicy.dll</ModulePath>
      <ModuleTime>2018-08-14T02:26:18Z</ModuleTime>
      <ModuleName>Microsoft.AspNetCore.HttpsPolicy</ModuleName>
      <Classes />
    </Module>
    <Module skippedDueTo="Filter" hash="12-33-DA-7D-14-09-7B-E2-51-3D-43-C9-AE-39-0C-B5-E8-EE-29-E7">
      <ModulePath>C:\Program Files\dotnet\shared\Microsoft.AspNetCore.App\2.1.4\Microsoft.AspNetCore.StaticFiles.dll</ModulePath>
      <ModuleTime>2018-08-14T02:26:10Z</ModuleTime>
      <ModuleName>Microsoft.AspNetCore.StaticFiles</ModuleName>
      <Classes />
    </Module>
    <Module skippedDueTo="Filter" hash="0E-F4-39-7A-79-0A-0E-20-C0-2B-43-21-B0-64-5E-6A-A6-CA-62-FD">
      <ModulePath>C:\Program Files\dotnet\shared\Microsoft.AspNetCore.App\2.1.4\Microsoft.Extensions.Localization.Abstractions.dll</ModulePath>
      <ModuleTime>2018-08-14T02:26:14Z</ModuleTime>
      <ModuleName>Microsoft.Extensions.Localization.Abstractions</ModuleName>
      <Classes />
    </Module>
    <Module skippedDueTo="Filter" hash="7C-12-01-4E-22-4B-DF-0A-54-7C-C7-C7-F2-E0-A8-AC-CC-52-12-21">
      <ModulePath>C:\Program Files\dotnet\shared\Microsoft.AspNetCore.App\2.1.4\Microsoft.AspNetCore.JsonPatch.dll</ModulePath>
      <ModuleTime>2018-08-14T02:26:14Z</ModuleTime>
      <ModuleName>Microsoft.AspNetCore.JsonPatch</ModuleName>
      <Classes />
    </Module>
    <Module skippedDueTo="Filter" hash="CA-39-83-49-1A-FC-6C-E6-91-A2-66-3A-09-43-D5-B6-6E-78-24-DF">
      <ModulePath>C:\Program Files\dotnet\shared\Microsoft.NETCore.App\2.1.4\System.Collections.Specialized.dll</ModulePath>
      <ModuleTime>2018-08-13T17:52:02Z</ModuleTime>
      <ModuleName>System.Collections.Specialized</ModuleName>
      <Classes />
    </Module>
    <Module skippedDueTo="Filter" hash="AF-23-DD-B6-BC-B6-B8-9C-23-C9-6D-67-A4-95-66-AA-F8-4E-29-3F">
      <ModulePath>C:\Program Files\dotnet\shared\Microsoft.NETCore.App\2.1.4\System.Drawing.Primitives.dll</ModulePath>
      <ModuleTime>2018-08-13T17:52:02Z</ModuleTime>
      <ModuleName>System.Drawing.Primitives</ModuleName>
      <Classes />
    </Module>
    <Module skippedDueTo="Filter" hash="53-F4-25-E1-62-26-FE-62-1E-EA-D4-01-F1-77-BC-85-16-DA-ED-EB">
      <ModulePath>C:\Program Files\dotnet\shared\Microsoft.AspNetCore.App\2.1.4\Microsoft.Extensions.FileProviders.Composite.dll</ModulePath>
      <ModuleTime>2018-08-14T02:26:16Z</ModuleTime>
      <ModuleName>Microsoft.Extensions.FileProviders.Composite</ModuleName>
      <Classes />
    </Module>
    <Module skippedDueTo="Filter" hash="35-F0-EB-3D-D1-2D-4A-75-BA-D8-C1-1E-EC-8C-72-76-9A-47-AC-64">
      <ModulePath>C:\Program Files\dotnet\shared\Microsoft.NETCore.App\2.1.4\System.Collections.Immutable.dll</ModulePath>
      <ModuleTime>2018-08-13T17:52:02Z</ModuleTime>
      <ModuleName>System.Collections.Immutable</ModuleName>
      <Classes />
    </Module>
    <Module skippedDueTo="Filter" hash="94-FE-92-D4-F8-BA-A4-F0-EF-67-2E-A1-24-87-4F-7F-96-BF-76-BB">
      <ModulePath>C:\Program Files\dotnet\shared\Microsoft.NETCore.App\2.1.4\System.Security.Cryptography.Primitives.dll</ModulePath>
      <ModuleTime>2018-08-13T17:52:08Z</ModuleTime>
      <ModuleName>System.Security.Cryptography.Primitives</ModuleName>
      <Classes />
    </Module>
    <Module skippedDueTo="Filter" hash="B3-41-C4-98-43-FD-7A-13-6D-74-81-92-71-6B-17-92-9D-AD-89-1E">
      <ModulePath>C:\Program Files\dotnet\shared\Microsoft.NETCore.App\2.1.4\System.Security.Principal.dll</ModulePath>
      <ModuleTime>2018-08-13T17:52:08Z</ModuleTime>
      <ModuleName>System.Security.Principal</ModuleName>
      <Classes />
    </Module>
    <Module skippedDueTo="Filter" hash="3B-88-A6-5A-28-1C-55-EF-1B-FF-75-08-13-5E-79-97-0D-BB-C3-B9">
      <ModulePath>C:\Program Files\dotnet\shared\Microsoft.NETCore.App\2.1.4\System.Runtime.Serialization.Formatters.dll</ModulePath>
      <ModuleTime>2018-08-13T17:52:08Z</ModuleTime>
      <ModuleName>System.Runtime.Serialization.Formatters</ModuleName>
      <Classes />
    </Module>
    <Module skippedDueTo="Filter" hash="F7-9C-57-B4-85-BF-F7-95-B3-96-0E-05-E0-C5-E8-29-F9-F2-89-47">
      <ModulePath>C:\Program Files\dotnet\shared\Microsoft.NETCore.App\2.1.4\System.Diagnostics.TraceSource.dll</ModulePath>
      <ModuleTime>2018-08-13T17:52:02Z</ModuleTime>
      <ModuleName>System.Diagnostics.TraceSource</ModuleName>
      <Classes />
    </Module>
    <Module skippedDueTo="Filter" hash="1B-5C-74-6A-88-02-05-4A-72-EB-D3-41-14-1A-03-1C-63-54-76-7B">
      <ModulePath>C:\Program Files\dotnet\shared\Microsoft.NETCore.App\2.1.4\System.Security.Cryptography.X509Certificates.dll</ModulePath>
      <ModuleTime>2018-08-13T17:52:08Z</ModuleTime>
      <ModuleName>System.Security.Cryptography.X509Certificates</ModuleName>
      <Classes />
    </Module>
    <Module skippedDueTo="Filter" hash="9B-EB-64-A8-4E-A4-10-CD-91-3C-9A-66-1D-16-3C-06-7B-8B-FB-3A">
      <ModulePath>C:\Program Files\dotnet\shared\Microsoft.NETCore.App\2.1.4\System.Threading.Timer.dll</ModulePath>
      <ModuleTime>2018-08-13T17:52:08Z</ModuleTime>
      <ModuleName>System.Threading.Timer</ModuleName>
      <Classes />
    </Module>
    <Module skippedDueTo="Filter" hash="">
      <ModulePath>RefEmit_InMemoryManifestModule</ModulePath>
      <ModuleTime>0001-01-01T00:00:00</ModuleTime>
      <ModuleName>Anonymously Hosted DynamicMethods Assembly</ModuleName>
      <Classes />
    </Module>
    <Module skippedDueTo="Filter" hash="A0-9D-1D-94-6F-1B-FC-FC-84-FC-29-C7-BB-DA-75-BE-61-FC-32-6A">
      <ModulePath>C:\Program Files\dotnet\shared\Microsoft.NETCore.App\2.1.4\System.Net.Sockets.dll</ModulePath>
      <ModuleTime>2018-08-13T17:52:04Z</ModuleTime>
      <ModuleName>System.Net.Sockets</ModuleName>
      <Classes />
    </Module>
    <Module skippedDueTo="Filter" hash="FA-75-83-D4-36-F3-47-AD-A3-26-96-BF-FD-05-DC-8F-26-B8-45-5A">
      <ModulePath>C:\Program Files\dotnet\shared\Microsoft.NETCore.App\2.1.4\System.Net.NameResolution.dll</ModulePath>
      <ModuleTime>2018-08-13T17:52:04Z</ModuleTime>
      <ModuleName>System.Net.NameResolution</ModuleName>
      <Classes />
    </Module>
    <Module skippedDueTo="Filter" hash="F7-38-45-88-AA-74-D1-DF-A2-0D-A1-00-37-C3-77-ED-98-D0-33-0F">
      <ModulePath>C:\Program Files\dotnet\shared\Microsoft.NETCore.App\2.1.4\System.Threading.ThreadPool.dll</ModulePath>
      <ModuleTime>2018-08-13T17:52:08Z</ModuleTime>
      <ModuleName>System.Threading.ThreadPool</ModuleName>
      <Classes />
    </Module>
    <Module skippedDueTo="Filter" hash="33-1A-2A-FD-F1-B7-E4-C4-1F-E0-A6-D7-98-7F-82-34-97-84-E9-69">
      <ModulePath>C:\Program Files\dotnet\shared\Microsoft.NETCore.App\2.1.4\System.Numerics.Vectors.dll</ModulePath>
      <ModuleTime>2018-08-13T17:52:04Z</ModuleTime>
      <ModuleName>System.Numerics.Vectors</ModuleName>
      <Classes />
    </Module>
    <Module skippedDueTo="Filter" hash="33-4D-E8-3E-46-9C-56-7B-46-CE-C5-08-DC-BB-5D-54-F9-D7-BC-A1">
      <ModulePath>C:\Program Files\dotnet\shared\Microsoft.NETCore.App\2.1.4\System.Diagnostics.Debug.dll</ModulePath>
      <ModuleTime>2018-08-13T17:52:02Z</ModuleTime>
      <ModuleName>System.Diagnostics.Debug</ModuleName>
      <Classes />
    </Module>
    <Module skippedDueTo="Filter" hash="DD-8E-37-D3-4A-AA-2C-77-6F-16-36-B8-68-01-A4-F8-49-C3-BD-D9">
      <ModulePath>C:\Program Files\dotnet\shared\Microsoft.AspNetCore.App\2.1.4\Microsoft.AspNetCore.Diagnostics.Abstractions.dll</ModulePath>
      <ModuleTime>2018-08-14T02:26:12Z</ModuleTime>
      <ModuleName>Microsoft.AspNetCore.Diagnostics.Abstractions</ModuleName>
      <Classes />
    </Module>
    <Module skippedDueTo="Filter" hash="92-60-88-63-BD-19-86-96-1B-81-B7-40-84-4D-58-67-C6-EE-51-D5">
      <ModulePath>C:\Program Files\dotnet\shared\Microsoft.AspNetCore.App\2.1.4\Microsoft.AspNetCore.Http.Extensions.dll</ModulePath>
      <ModuleTime>2018-08-14T02:26:12Z</ModuleTime>
      <ModuleName>Microsoft.AspNetCore.Http.Extensions</ModuleName>
      <Classes />
    </Module>
    <Module skippedDueTo="Filter" hash="36-63-1D-83-05-36-A3-4B-1C-D5-E2-9C-07-D6-D1-81-41-CA-CE-2A">
      <ModulePath>C:\Program Files\dotnet\shared\Microsoft.AspNetCore.App\2.1.4\Microsoft.AspNetCore.Authentication.Cookies.dll</ModulePath>
      <ModuleTime>2018-08-14T02:26:16Z</ModuleTime>
      <ModuleName>Microsoft.AspNetCore.Authentication.Cookies</ModuleName>
      <Classes />
    </Module>
    <Module skippedDueTo="Filter" hash="11-06-F0-22-59-D7-A8-0A-C0-35-55-3B-DD-6F-6E-32-BB-D5-22-A3">
      <ModulePath>C:\Program Files\dotnet\shared\Microsoft.AspNetCore.App\2.1.4\Microsoft.AspNetCore.Authentication.dll</ModulePath>
      <ModuleTime>2018-08-14T02:26:16Z</ModuleTime>
      <ModuleName>Microsoft.AspNetCore.Authentication</ModuleName>
      <Classes />
    </Module>
    <Module skippedDueTo="Filter" hash="A9-8F-1D-2B-12-3B-D9-E7-0A-F6-B9-D1-83-DF-4C-BA-90-8D-DD-D7">
      <ModulePath>C:\Program Files\dotnet\shared\Microsoft.AspNetCore.App\2.1.4\Microsoft.Extensions.Identity.Core.dll</ModulePath>
      <ModuleTime>2018-08-14T02:26:18Z</ModuleTime>
      <ModuleName>Microsoft.Extensions.Identity.Core</ModuleName>
      <Classes />
    </Module>
    <Module skippedDueTo="Filter" hash="95-3C-4E-F5-B4-8D-23-6A-94-33-90-6A-AE-59-D9-C0-0C-1E-74-10">
      <ModulePath>C:\Program Files\dotnet\shared\Microsoft.AspNetCore.App\2.1.4\Microsoft.AspNetCore.Identity.dll</ModulePath>
      <ModuleTime>2018-08-14T02:26:20Z</ModuleTime>
      <ModuleName>Microsoft.AspNetCore.Identity</ModuleName>
      <Classes />
    </Module>
    <Module skippedDueTo="Filter" hash="D1-D5-A4-A7-34-F5-E4-DA-92-3C-A5-11-43-DD-49-3C-34-17-44-C5">
      <ModulePath>C:\Program Files\dotnet\shared\Microsoft.NETCore.App\2.1.4\System.Net.Http.dll</ModulePath>
      <ModuleTime>2018-08-13T17:52:04Z</ModuleTime>
      <ModuleName>System.Net.Http</ModuleName>
      <Classes />
    </Module>
    <Module skippedDueTo="Filter" hash="4D-03-11-BA-52-D8-72-BB-FF-AC-D1-04-F1-90-2F-7A-12-81-AC-33">
      <ModulePath>C:\Program Files\dotnet\shared\Microsoft.NETCore.App\2.1.4\System.Net.WebSockets.dll</ModulePath>
      <ModuleTime>2018-08-13T17:52:04Z</ModuleTime>
      <ModuleName>System.Net.WebSockets</ModuleName>
      <Classes />
    </Module>
    <Module skippedDueTo="Filter" hash="0E-5D-4D-A8-9C-75-16-B9-D0-67-0B-14-70-7B-28-7D-3E-5C-FD-00">
      <ModulePath>C:\Program Files\dotnet\shared\Microsoft.AspNetCore.App\2.1.4\Microsoft.AspNetCore.Html.Abstractions.dll</ModulePath>
      <ModuleTime>2018-08-14T02:26:14Z</ModuleTime>
      <ModuleName>Microsoft.AspNetCore.Html.Abstractions</ModuleName>
      <Classes />
    </Module>
    <Module skippedDueTo="Filter" hash="A5-3B-80-A8-88-A9-7B-9C-A5-BA-D4-F3-82-2D-7F-A5-64-E7-0B-60">
      <ModulePath>C:\Program Files\dotnet\shared\Microsoft.AspNetCore.App\2.1.4\Microsoft.CodeAnalysis.CSharp.dll</ModulePath>
      <ModuleTime>2018-08-14T02:26:20Z</ModuleTime>
      <ModuleName>Microsoft.CodeAnalysis.CSharp</ModuleName>
      <Classes />
    </Module>
    <Module skippedDueTo="Filter" hash="54-3F-B0-99-77-DE-6C-BC-AA-FD-B9-43-29-58-DD-56-1E-CE-EE-95">
      <ModulePath>C:\Program Files\dotnet\shared\Microsoft.NETCore.App\2.1.4\System.ComponentModel.Annotations.dll</ModulePath>
      <ModuleTime>2018-08-13T17:52:02Z</ModuleTime>
      <ModuleName>System.ComponentModel.Annotations</ModuleName>
      <Classes />
    </Module>
    <Module skippedDueTo="MissingPdb" hash="F4-08-6C-0A-F2-B4-61-00-C5-58-D5-82-A9-5A-07-CD-D9-3A-AD-CE">
      <ModulePath>C:\Users\mahas\Repositories\Personal\SeleniumMeetup\WhiteBoxTesting\TargetApplication\bin\Debug\netcoreapp2.1\TargetLibrary.dll</ModulePath>
      <ModuleTime>2018-09-19T22:55:59.8699341Z</ModuleTime>
      <ModuleName>TargetLibrary</ModuleName>
      <Classes />
    </Module>
    <Module skippedDueTo="Filter" hash="54-47-C7-D5-A6-48-69-11-E6-EB-01-8B-35-D5-2B-2F-CC-5C-DD-E6">
      <ModulePath>C:\Program Files\dotnet\shared\Microsoft.NETCore.App\2.1.4\System.Threading.Tasks.Extensions.dll</ModulePath>
      <ModuleTime>2018-08-13T17:52:08Z</ModuleTime>
      <ModuleName>System.Threading.Tasks.Extensions</ModuleName>
      <Classes />
    </Module>
    <Module skippedDueTo="Filter" hash="DA-26-DF-A2-62-E6-91-39-B0-F1-71-41-E0-1A-51-D3-57-33-45-1E">
      <ModulePath>C:\Program Files\dotnet\shared\Microsoft.AspNetCore.App\2.1.4\Microsoft.AspNetCore.WebUtilities.dll</ModulePath>
      <ModuleTime>2018-08-14T02:26:12Z</ModuleTime>
      <ModuleName>Microsoft.AspNetCore.WebUtilities</ModuleName>
      <Classes />
    </Module>
    <Module skippedDueTo="Filter" hash="07-D4-87-F7-E7-C6-C4-D9-E2-98-1C-6F-6F-94-1F-F7-C5-0F-B0-8E">
      <ModulePath>C:\Program Files\dotnet\shared\Microsoft.NETCore.App\2.1.4\System.Security.Cryptography.Csp.dll</ModulePath>
      <ModuleTime>2018-08-13T17:52:08Z</ModuleTime>
      <ModuleName>System.Security.Cryptography.Csp</ModuleName>
      <Classes />
    </Module>
    <Module skippedDueTo="Filter" hash="D4-9D-25-19-13-57-C9-BF-91-69-0F-2A-B8-9B-B9-9F-0F-B3-D9-FF">
      <ModulePath>C:\Program Files\dotnet\shared\Microsoft.NETCore.App\2.1.4\System.Diagnostics.StackTrace.dll</ModulePath>
      <ModuleTime>2018-08-13T17:52:02Z</ModuleTime>
      <ModuleName>System.Diagnostics.StackTrace</ModuleName>
      <Classes />
    </Module>
    <Module skippedDueTo="Filter" hash="97-08-82-2A-11-D0-8C-AD-20-A1-39-55-A6-F9-26-F0-8A-D5-0E-D5">
      <ModulePath>C:\Program Files\dotnet\shared\Microsoft.NETCore.App\2.1.4\System.Reflection.Metadata.dll</ModulePath>
      <ModuleTime>2018-08-13T17:52:06Z</ModuleTime>
      <ModuleName>System.Reflection.Metadata</ModuleName>
      <Classes />
    </Module>
    <Module skippedDueTo="Filter" hash="60-1A-9C-B7-F2-2B-DA-9E-1B-43-C1-90-EC-58-67-5D-36-7A-70-E3">
      <ModulePath>C:\Program Files\dotnet\shared\Microsoft.NETCore.App\2.1.4\Microsoft.CSharp.dll</ModulePath>
      <ModuleTime>2018-08-13T17:52:00Z</ModuleTime>
      <ModuleName>Microsoft.CSharp</ModuleName>
      <Classes />
    </Module>
    <Module skippedDueTo="Filter" hash="EA-82-BF-FC-F5-1B-BB-73-EF-61-51-EF-34-34-A7-7B-EB-02-D8-84">
      <ModulePath>C:\Windows\Microsoft.Net\assembly\GAC_MSIL\PresentationFramework\v4.0_4.0.0.0__31bf3856ad364e35\PresentationFramework.dll</ModulePath>
      <ModuleTime>2018-07-11T01:24:40.6751399Z</ModuleTime>
      <ModuleName>PresentationFramework</ModuleName>
      <Classes />
    </Module>
    <Module skippedDueTo="Filter" hash="05-71-B5-80-82-F4-C5-33-F8-2B-A0-05-B1-20-20-31-50-40-41-89">
      <ModulePath>C:\Windows\Microsoft.Net\assembly\GAC_64\PresentationCore\v4.0_4.0.0.0__31bf3856ad364e35\PresentationCore.dll</ModulePath>
      <ModuleTime>2018-07-11T01:18:59.7122123Z</ModuleTime>
      <ModuleName>PresentationCore</ModuleName>
      <Classes />
    </Module>
    <Module skippedDueTo="Filter" hash="E1-A5-74-F7-98-93-A4-DA-F2-BD-1B-A0-45-A8-F0-B5-EE-E1-73-74">
      <ModulePath>C:\Windows\Microsoft.Net\assembly\GAC_MSIL\System.Xaml\v4.0_4.0.0.0__b77a5c561934e089\System.Xaml.dll</ModulePath>
      <ModuleTime>2018-07-11T01:24:40.4563727Z</ModuleTime>
      <ModuleName>System.Xaml</ModuleName>
      <Classes />
    </Module>
  </Modules>
</CoverageSession>